<?xml version="1.0" encoding="utf-8" standalone="no"?>
<!--This file represents the results of running a test suite-->
<test-results name="C:\Projekte\Kistl\Tests\Kistl.Client.Tests\Kistl.Client.Tests.nunit" total="178" failures="30" not-run="9" date="2008-06-26" time="13:51:07">
  <environment nunit-version="2.4.7.0" clr-version="2.0.50727.1433" os-version="Microsoft Windows NT 5.1.2600 Service Pack 2" platform="Win32NT" cwd="C:\Projekte\Kistl\Tests\Kistl.Client.Tests" machine-name="MONEY" user="David" user-domain="MONEY" />
  <culture-info current-culture="de-AT" current-uiculture="de-DE" />
  <test-suite name="C:\Projekte\Kistl\Tests\Kistl.Client.Tests\Kistl.Client.Tests.nunit" success="False" time="18.969" asserts="0">
    <results>
      <test-suite name="C:\Projekte\Kistl\Tests\Kistl.Client.Tests\bin\Debug\Kistl.Client.Tests.exe" success="False" time="18.797" asserts="0">
        <results>
          <test-suite name="Kistl" success="False" time="16.813" asserts="0">
            <results>
              <test-suite name="GUI" success="False" time="16.719" asserts="0">
                <results>
                  <test-suite name="Integration" success="True" time="11.031" asserts="0">
                    <results>
                      <test-suite name="WPF" success="True" time="11.016" asserts="0">
                        <results>
                          <test-suite name="ObjectReferenceControlIntegrationTests" success="True" time="11.016" asserts="2">
                            <results>
                              <test-case name="Kistl.GUI.Integration.WPF.ObjectReferenceControlIntegrationTests.HandleInvalidUserInput" executed="True" success="True" time="10.313" asserts="18" />
                              <test-case name="Kistl.GUI.Integration.WPF.ObjectReferenceControlIntegrationTests.HandleNoUserInput" executed="True" success="True" time="0.016" asserts="10" />
                              <test-case name="Kistl.GUI.Integration.WPF.ObjectReferenceControlIntegrationTests.HandleNullUserInput" executed="True" success="True" time="0.031" asserts="17" />
                              <test-case name="Kistl.GUI.Integration.WPF.ObjectReferenceControlIntegrationTests.HandleProgrammaticChange" executed="True" success="True" time="0.016" asserts="68" />
                              <test-case name="Kistl.GUI.Integration.WPF.ObjectReferenceControlIntegrationTests.HandleValidUserInput" executed="True" success="True" time="0.016" asserts="68" />
                              <test-case name="Kistl.GUI.Integration.WPF.ObjectReferenceControlIntegrationTests.ReInit" executed="True" success="True" time="0.031" asserts="0" />
                              <test-case name="Kistl.GUI.Integration.WPF.ObjectReferenceControlIntegrationTests.TestPresenterSetUpCorrect" executed="True" success="True" time="0.016" asserts="11" />
                            </results>
                          </test-suite>
                        </results>
                      </test-suite>
                    </results>
                  </test-suite>
                  <test-suite name="Renderer" success="False" time="4.453" asserts="0">
                    <results>
                      <test-suite name="ASPNET" success="False" time="0.875" asserts="0">
                        <results>
                          <test-suite name="Tests" success="False" time="0.875" asserts="0">
                            <results>
                              <test-suite name="BoolControlTests" success="False" time="0.563" asserts="2">
                                <results>
                                  <test-case name="Kistl.GUI.Renderer.ASPNET.Tests.BoolControlTests.TestDescription" executed="True" success="False" time="0.500" asserts="0">
                                    <failure>
                                      <message><![CDATA[System.Reflection.TargetInvocationException : Ein Aufrufziel hat einen Ausnahmefehler verursacht.
  ----> System.NullReferenceException : Der Objektverweis wurde nicht auf eine Objektinstanz festgelegt.]]></message>
                                      <stack-trace><![CDATA[bei System.RuntimeTypeHandle.CreateInstance(RuntimeType type, Boolean publicOnly, Boolean noCheck, Boolean& canBeCached, RuntimeMethodHandle& ctor, Boolean& bNeedSecurityCheck)
bei System.RuntimeType.CreateInstanceSlow(Boolean publicOnly, Boolean fillCache)
bei System.RuntimeType.CreateInstanceImpl(Boolean publicOnly, Boolean skipVisibilityChecks, Boolean fillCache)
bei System.Activator.CreateInstance(Type type, Boolean nonPublic)
bei System.Activator.CreateInstance(Type type)
bei Kistl.GUI.DB.KistlGUIContext.CreateControl(ControlInfo info) in C:\Projekte\Kistl\Kistl.Client\GUI.DB\KistlGUIContext.cs:Zeile 50.
bei Kistl.GUI.Mocks.ControlHarness`1.SetUp() in C:\Projekte\Kistl\Tests\Kistl.Client.Tests\Mocks\ControlHarness.cs:Zeile 29.
bei Kistl.GUI.Tests.BasicControlTests`1.SetUp() in C:\Projekte\Kistl\Tests\Kistl.Client.Tests\GUI\BasicControlTests.cs:Zeile 40.
bei Kistl.GUI.Tests.ValueControlTests`2.AddEvents() in C:\Projekte\Kistl\Tests\Kistl.Client.Tests\GUI\ValueControlTests.cs:Zeile 39.
--NullReferenceException
bei System.Web.Compilation.BuildManager.GetCacheKeyFromVirtualPath(VirtualPath virtualPath, Boolean& keyFromVPP)
bei System.Web.Compilation.BuildManager.GetVPathBuildResultFromCacheInternal(VirtualPath virtualPath)
bei System.Web.Compilation.BuildManager.GetVPathBuildResultInternal(VirtualPath virtualPath, Boolean noBuild, Boolean allowCrossApp, Boolean allowBuildInPrecompile)
bei System.Web.Compilation.BuildManager.GetVPathBuildResultWithNoAssert(HttpContext context, VirtualPath virtualPath, Boolean noBuild, Boolean allowCrossApp, Boolean allowBuildInPrecompile)
bei System.Web.UI.TemplateControl.LoadControl(VirtualPath virtualPath)
bei System.Web.UI.TemplateControl.LoadControl(String virtualPath)
bei Kistl.Client.ASPNET.Toolkit.BaseControlLoader`1..ctor() in C:\Projekte\Kistl\Kistl.Client.ASPNET.Toolkit\ControlLoader.cs:Zeile 27.
bei Kistl.Client.ASPNET.Toolkit.BasicPropertyControl`1..ctor()
bei Kistl.Client.ASPNET.Toolkit.BoolPropertyControl..ctor()
]]></stack-trace>
                                    </failure>
                                  </test-case>
                                  <test-case name="Kistl.GUI.Renderer.ASPNET.Tests.BoolControlTests.TestFieldSize" executed="True" success="False" time="0.000" asserts="0">
                                    <failure>
                                      <message><![CDATA[System.Reflection.TargetInvocationException : Ein Aufrufziel hat einen Ausnahmefehler verursacht.
  ----> System.NullReferenceException : Der Objektverweis wurde nicht auf eine Objektinstanz festgelegt.]]></message>
                                      <stack-trace><![CDATA[bei System.RuntimeTypeHandle.CreateInstance(RuntimeType type, Boolean publicOnly, Boolean noCheck, Boolean& canBeCached, RuntimeMethodHandle& ctor, Boolean& bNeedSecurityCheck)
bei System.RuntimeType.CreateInstanceSlow(Boolean publicOnly, Boolean fillCache)
bei System.RuntimeType.CreateInstanceImpl(Boolean publicOnly, Boolean skipVisibilityChecks, Boolean fillCache)
bei System.Activator.CreateInstance(Type type, Boolean nonPublic)
bei System.Activator.CreateInstance(Type type)
bei Kistl.GUI.DB.KistlGUIContext.CreateControl(ControlInfo info) in C:\Projekte\Kistl\Kistl.Client\GUI.DB\KistlGUIContext.cs:Zeile 50.
bei Kistl.GUI.Mocks.ControlHarness`1.SetUp() in C:\Projekte\Kistl\Tests\Kistl.Client.Tests\Mocks\ControlHarness.cs:Zeile 29.
bei Kistl.GUI.Tests.BasicControlTests`1.SetUp() in C:\Projekte\Kistl\Tests\Kistl.Client.Tests\GUI\BasicControlTests.cs:Zeile 40.
bei Kistl.GUI.Tests.ValueControlTests`2.AddEvents() in C:\Projekte\Kistl\Tests\Kistl.Client.Tests\GUI\ValueControlTests.cs:Zeile 39.
--NullReferenceException
bei System.Web.Compilation.BuildManager.GetCacheKeyFromVirtualPath(VirtualPath virtualPath, Boolean& keyFromVPP)
bei System.Web.Compilation.BuildManager.GetVPathBuildResultFromCacheInternal(VirtualPath virtualPath)
bei System.Web.Compilation.BuildManager.GetVPathBuildResultInternal(VirtualPath virtualPath, Boolean noBuild, Boolean allowCrossApp, Boolean allowBuildInPrecompile)
bei System.Web.Compilation.BuildManager.GetVPathBuildResultWithNoAssert(HttpContext context, VirtualPath virtualPath, Boolean noBuild, Boolean allowCrossApp, Boolean allowBuildInPrecompile)
bei System.Web.UI.TemplateControl.LoadControl(VirtualPath virtualPath)
bei System.Web.UI.TemplateControl.LoadControl(String virtualPath)
bei Kistl.Client.ASPNET.Toolkit.BaseControlLoader`1..ctor() in C:\Projekte\Kistl\Kistl.Client.ASPNET.Toolkit\ControlLoader.cs:Zeile 27.
bei Kistl.Client.ASPNET.Toolkit.BasicPropertyControl`1..ctor()
bei Kistl.Client.ASPNET.Toolkit.BoolPropertyControl..ctor()
]]></stack-trace>
                                    </failure>
                                  </test-case>
                                  <test-case name="Kistl.GUI.Renderer.ASPNET.Tests.BoolControlTests.TestIsValidValue" executed="True" success="False" time="0.000" asserts="0">
                                    <failure>
                                      <message><![CDATA[System.Reflection.TargetInvocationException : Ein Aufrufziel hat einen Ausnahmefehler verursacht.
  ----> System.NullReferenceException : Der Objektverweis wurde nicht auf eine Objektinstanz festgelegt.]]></message>
                                      <stack-trace><![CDATA[bei System.RuntimeTypeHandle.CreateInstance(RuntimeType type, Boolean publicOnly, Boolean noCheck, Boolean& canBeCached, RuntimeMethodHandle& ctor, Boolean& bNeedSecurityCheck)
bei System.RuntimeType.CreateInstanceSlow(Boolean publicOnly, Boolean fillCache)
bei System.RuntimeType.CreateInstanceImpl(Boolean publicOnly, Boolean skipVisibilityChecks, Boolean fillCache)
bei System.Activator.CreateInstance(Type type, Boolean nonPublic)
bei System.Activator.CreateInstance(Type type)
bei Kistl.GUI.DB.KistlGUIContext.CreateControl(ControlInfo info) in C:\Projekte\Kistl\Kistl.Client\GUI.DB\KistlGUIContext.cs:Zeile 50.
bei Kistl.GUI.Mocks.ControlHarness`1.SetUp() in C:\Projekte\Kistl\Tests\Kistl.Client.Tests\Mocks\ControlHarness.cs:Zeile 29.
bei Kistl.GUI.Tests.BasicControlTests`1.SetUp() in C:\Projekte\Kistl\Tests\Kistl.Client.Tests\GUI\BasicControlTests.cs:Zeile 40.
bei Kistl.GUI.Tests.ValueControlTests`2.AddEvents() in C:\Projekte\Kistl\Tests\Kistl.Client.Tests\GUI\ValueControlTests.cs:Zeile 39.
--NullReferenceException
bei System.Web.Compilation.BuildManager.GetCacheKeyFromVirtualPath(VirtualPath virtualPath, Boolean& keyFromVPP)
bei System.Web.Compilation.BuildManager.GetVPathBuildResultFromCacheInternal(VirtualPath virtualPath)
bei System.Web.Compilation.BuildManager.GetVPathBuildResultInternal(VirtualPath virtualPath, Boolean noBuild, Boolean allowCrossApp, Boolean allowBuildInPrecompile)
bei System.Web.Compilation.BuildManager.GetVPathBuildResultWithNoAssert(HttpContext context, VirtualPath virtualPath, Boolean noBuild, Boolean allowCrossApp, Boolean allowBuildInPrecompile)
bei System.Web.UI.TemplateControl.LoadControl(VirtualPath virtualPath)
bei System.Web.UI.TemplateControl.LoadControl(String virtualPath)
bei Kistl.Client.ASPNET.Toolkit.BaseControlLoader`1..ctor() in C:\Projekte\Kistl\Kistl.Client.ASPNET.Toolkit\ControlLoader.cs:Zeile 27.
bei Kistl.Client.ASPNET.Toolkit.BasicPropertyControl`1..ctor()
bei Kistl.Client.ASPNET.Toolkit.BoolPropertyControl..ctor()
]]></stack-trace>
                                    </failure>
                                  </test-case>
                                  <test-case name="Kistl.GUI.Renderer.ASPNET.Tests.BoolControlTests.TestSetUpCorrect" executed="True" success="False" time="0.000" asserts="0">
                                    <failure>
                                      <message><![CDATA[System.Reflection.TargetInvocationException : Ein Aufrufziel hat einen Ausnahmefehler verursacht.
  ----> System.NullReferenceException : Der Objektverweis wurde nicht auf eine Objektinstanz festgelegt.]]></message>
                                      <stack-trace><![CDATA[bei System.RuntimeTypeHandle.CreateInstance(RuntimeType type, Boolean publicOnly, Boolean noCheck, Boolean& canBeCached, RuntimeMethodHandle& ctor, Boolean& bNeedSecurityCheck)
bei System.RuntimeType.CreateInstanceSlow(Boolean publicOnly, Boolean fillCache)
bei System.RuntimeType.CreateInstanceImpl(Boolean publicOnly, Boolean skipVisibilityChecks, Boolean fillCache)
bei System.Activator.CreateInstance(Type type, Boolean nonPublic)
bei System.Activator.CreateInstance(Type type)
bei Kistl.GUI.DB.KistlGUIContext.CreateControl(ControlInfo info) in C:\Projekte\Kistl\Kistl.Client\GUI.DB\KistlGUIContext.cs:Zeile 50.
bei Kistl.GUI.Mocks.ControlHarness`1.SetUp() in C:\Projekte\Kistl\Tests\Kistl.Client.Tests\Mocks\ControlHarness.cs:Zeile 29.
bei Kistl.GUI.Tests.BasicControlTests`1.SetUp() in C:\Projekte\Kistl\Tests\Kistl.Client.Tests\GUI\BasicControlTests.cs:Zeile 40.
bei Kistl.GUI.Tests.ValueControlTests`2.AddEvents() in C:\Projekte\Kistl\Tests\Kistl.Client.Tests\GUI\ValueControlTests.cs:Zeile 39.
--NullReferenceException
bei System.Web.Compilation.BuildManager.GetCacheKeyFromVirtualPath(VirtualPath virtualPath, Boolean& keyFromVPP)
bei System.Web.Compilation.BuildManager.GetVPathBuildResultFromCacheInternal(VirtualPath virtualPath)
bei System.Web.Compilation.BuildManager.GetVPathBuildResultInternal(VirtualPath virtualPath, Boolean noBuild, Boolean allowCrossApp, Boolean allowBuildInPrecompile)
bei System.Web.Compilation.BuildManager.GetVPathBuildResultWithNoAssert(HttpContext context, VirtualPath virtualPath, Boolean noBuild, Boolean allowCrossApp, Boolean allowBuildInPrecompile)
bei System.Web.UI.TemplateControl.LoadControl(VirtualPath virtualPath)
bei System.Web.UI.TemplateControl.LoadControl(String virtualPath)
bei Kistl.Client.ASPNET.Toolkit.BaseControlLoader`1..ctor() in C:\Projekte\Kistl\Kistl.Client.ASPNET.Toolkit\ControlLoader.cs:Zeile 27.
bei Kistl.Client.ASPNET.Toolkit.BasicPropertyControl`1..ctor()
bei Kistl.Client.ASPNET.Toolkit.BoolPropertyControl..ctor()
]]></stack-trace>
                                    </failure>
                                  </test-case>
                                  <test-case name="Kistl.GUI.Renderer.ASPNET.Tests.BoolControlTests.TestShortLabel" executed="True" success="False" time="0.000" asserts="0">
                                    <failure>
                                      <message><![CDATA[System.Reflection.TargetInvocationException : Ein Aufrufziel hat einen Ausnahmefehler verursacht.
  ----> System.NullReferenceException : Der Objektverweis wurde nicht auf eine Objektinstanz festgelegt.]]></message>
                                      <stack-trace><![CDATA[bei System.RuntimeTypeHandle.CreateInstance(RuntimeType type, Boolean publicOnly, Boolean noCheck, Boolean& canBeCached, RuntimeMethodHandle& ctor, Boolean& bNeedSecurityCheck)
bei System.RuntimeType.CreateInstanceSlow(Boolean publicOnly, Boolean fillCache)
bei System.RuntimeType.CreateInstanceImpl(Boolean publicOnly, Boolean skipVisibilityChecks, Boolean fillCache)
bei System.Activator.CreateInstance(Type type, Boolean nonPublic)
bei System.Activator.CreateInstance(Type type)
bei Kistl.GUI.DB.KistlGUIContext.CreateControl(ControlInfo info) in C:\Projekte\Kistl\Kistl.Client\GUI.DB\KistlGUIContext.cs:Zeile 50.
bei Kistl.GUI.Mocks.ControlHarness`1.SetUp() in C:\Projekte\Kistl\Tests\Kistl.Client.Tests\Mocks\ControlHarness.cs:Zeile 29.
bei Kistl.GUI.Tests.BasicControlTests`1.SetUp() in C:\Projekte\Kistl\Tests\Kistl.Client.Tests\GUI\BasicControlTests.cs:Zeile 40.
bei Kistl.GUI.Tests.ValueControlTests`2.AddEvents() in C:\Projekte\Kistl\Tests\Kistl.Client.Tests\GUI\ValueControlTests.cs:Zeile 39.
--NullReferenceException
bei System.Web.Compilation.BuildManager.GetCacheKeyFromVirtualPath(VirtualPath virtualPath, Boolean& keyFromVPP)
bei System.Web.Compilation.BuildManager.GetVPathBuildResultFromCacheInternal(VirtualPath virtualPath)
bei System.Web.Compilation.BuildManager.GetVPathBuildResultInternal(VirtualPath virtualPath, Boolean noBuild, Boolean allowCrossApp, Boolean allowBuildInPrecompile)
bei System.Web.Compilation.BuildManager.GetVPathBuildResultWithNoAssert(HttpContext context, VirtualPath virtualPath, Boolean noBuild, Boolean allowCrossApp, Boolean allowBuildInPrecompile)
bei System.Web.UI.TemplateControl.LoadControl(VirtualPath virtualPath)
bei System.Web.UI.TemplateControl.LoadControl(String virtualPath)
bei Kistl.Client.ASPNET.Toolkit.BaseControlLoader`1..ctor() in C:\Projekte\Kistl\Kistl.Client.ASPNET.Toolkit\ControlLoader.cs:Zeile 27.
bei Kistl.Client.ASPNET.Toolkit.BasicPropertyControl`1..ctor()
bei Kistl.Client.ASPNET.Toolkit.BoolPropertyControl..ctor()
]]></stack-trace>
                                    </failure>
                                  </test-case>
                                  <test-case name="Kistl.GUI.Renderer.ASPNET.Tests.BoolControlTests.TestUserInput" executed="False">
                                    <reason>
                                      <message><![CDATA[]]></message>
                                    </reason>
                                  </test-case>
                                  <test-case name="Kistl.GUI.Renderer.ASPNET.Tests.BoolControlTests.TestValueProgrammatically" executed="True" success="False" time="0.000" asserts="0">
                                    <failure>
                                      <message><![CDATA[System.Reflection.TargetInvocationException : Ein Aufrufziel hat einen Ausnahmefehler verursacht.
  ----> System.NullReferenceException : Der Objektverweis wurde nicht auf eine Objektinstanz festgelegt.]]></message>
                                      <stack-trace><![CDATA[bei System.RuntimeTypeHandle.CreateInstance(RuntimeType type, Boolean publicOnly, Boolean noCheck, Boolean& canBeCached, RuntimeMethodHandle& ctor, Boolean& bNeedSecurityCheck)
bei System.RuntimeType.CreateInstanceSlow(Boolean publicOnly, Boolean fillCache)
bei System.RuntimeType.CreateInstanceImpl(Boolean publicOnly, Boolean skipVisibilityChecks, Boolean fillCache)
bei System.Activator.CreateInstance(Type type, Boolean nonPublic)
bei System.Activator.CreateInstance(Type type)
bei Kistl.GUI.DB.KistlGUIContext.CreateControl(ControlInfo info) in C:\Projekte\Kistl\Kistl.Client\GUI.DB\KistlGUIContext.cs:Zeile 50.
bei Kistl.GUI.Mocks.ControlHarness`1.SetUp() in C:\Projekte\Kistl\Tests\Kistl.Client.Tests\Mocks\ControlHarness.cs:Zeile 29.
bei Kistl.GUI.Tests.BasicControlTests`1.SetUp() in C:\Projekte\Kistl\Tests\Kistl.Client.Tests\GUI\BasicControlTests.cs:Zeile 40.
bei Kistl.GUI.Tests.ValueControlTests`2.AddEvents() in C:\Projekte\Kistl\Tests\Kistl.Client.Tests\GUI\ValueControlTests.cs:Zeile 39.
--NullReferenceException
bei System.Web.Compilation.BuildManager.GetCacheKeyFromVirtualPath(VirtualPath virtualPath, Boolean& keyFromVPP)
bei System.Web.Compilation.BuildManager.GetVPathBuildResultFromCacheInternal(VirtualPath virtualPath)
bei System.Web.Compilation.BuildManager.GetVPathBuildResultInternal(VirtualPath virtualPath, Boolean noBuild, Boolean allowCrossApp, Boolean allowBuildInPrecompile)
bei System.Web.Compilation.BuildManager.GetVPathBuildResultWithNoAssert(HttpContext context, VirtualPath virtualPath, Boolean noBuild, Boolean allowCrossApp, Boolean allowBuildInPrecompile)
bei System.Web.UI.TemplateControl.LoadControl(VirtualPath virtualPath)
bei System.Web.UI.TemplateControl.LoadControl(String virtualPath)
bei Kistl.Client.ASPNET.Toolkit.BaseControlLoader`1..ctor() in C:\Projekte\Kistl\Kistl.Client.ASPNET.Toolkit\ControlLoader.cs:Zeile 27.
bei Kistl.Client.ASPNET.Toolkit.BasicPropertyControl`1..ctor()
bei Kistl.Client.ASPNET.Toolkit.BoolPropertyControl..ctor()
]]></stack-trace>
                                    </failure>
                                  </test-case>
                                </results>
                              </test-suite>
                              <test-suite name="DateTimeControlTests" success="False" time="0.031" asserts="2">
                                <results>
                                  <test-case name="Kistl.GUI.Renderer.ASPNET.Tests.DateTimeControlTests.TestDescription" executed="True" success="False" time="0.000" asserts="0">
                                    <failure>
                                      <message><![CDATA[System.Reflection.TargetInvocationException : Ein Aufrufziel hat einen Ausnahmefehler verursacht.
  ----> System.NullReferenceException : Der Objektverweis wurde nicht auf eine Objektinstanz festgelegt.]]></message>
                                      <stack-trace><![CDATA[bei System.RuntimeTypeHandle.CreateInstance(RuntimeType type, Boolean publicOnly, Boolean noCheck, Boolean& canBeCached, RuntimeMethodHandle& ctor, Boolean& bNeedSecurityCheck)
bei System.RuntimeType.CreateInstanceSlow(Boolean publicOnly, Boolean fillCache)
bei System.RuntimeType.CreateInstanceImpl(Boolean publicOnly, Boolean skipVisibilityChecks, Boolean fillCache)
bei System.Activator.CreateInstance(Type type, Boolean nonPublic)
bei System.Activator.CreateInstance(Type type)
bei Kistl.GUI.DB.KistlGUIContext.CreateControl(ControlInfo info) in C:\Projekte\Kistl\Kistl.Client\GUI.DB\KistlGUIContext.cs:Zeile 50.
bei Kistl.GUI.Mocks.ControlHarness`1.SetUp() in C:\Projekte\Kistl\Tests\Kistl.Client.Tests\Mocks\ControlHarness.cs:Zeile 29.
bei Kistl.GUI.Tests.BasicControlTests`1.SetUp() in C:\Projekte\Kistl\Tests\Kistl.Client.Tests\GUI\BasicControlTests.cs:Zeile 40.
bei Kistl.GUI.Tests.ValueControlTests`2.AddEvents() in C:\Projekte\Kistl\Tests\Kistl.Client.Tests\GUI\ValueControlTests.cs:Zeile 39.
--NullReferenceException
bei System.Web.Compilation.BuildManager.GetCacheKeyFromVirtualPath(VirtualPath virtualPath, Boolean& keyFromVPP)
bei System.Web.Compilation.BuildManager.GetVPathBuildResultFromCacheInternal(VirtualPath virtualPath)
bei System.Web.Compilation.BuildManager.GetVPathBuildResultInternal(VirtualPath virtualPath, Boolean noBuild, Boolean allowCrossApp, Boolean allowBuildInPrecompile)
bei System.Web.Compilation.BuildManager.GetVPathBuildResultWithNoAssert(HttpContext context, VirtualPath virtualPath, Boolean noBuild, Boolean allowCrossApp, Boolean allowBuildInPrecompile)
bei System.Web.UI.TemplateControl.LoadControl(VirtualPath virtualPath)
bei System.Web.UI.TemplateControl.LoadControl(String virtualPath)
bei Kistl.Client.ASPNET.Toolkit.BaseControlLoader`1..ctor() in C:\Projekte\Kistl\Kistl.Client.ASPNET.Toolkit\ControlLoader.cs:Zeile 27.
bei Kistl.Client.ASPNET.Toolkit.BasicPropertyControl`1..ctor()
bei Kistl.Client.ASPNET.Toolkit.DateTimePropertyControl..ctor()
]]></stack-trace>
                                    </failure>
                                  </test-case>
                                  <test-case name="Kistl.GUI.Renderer.ASPNET.Tests.DateTimeControlTests.TestFieldSize" executed="True" success="False" time="0.000" asserts="0">
                                    <failure>
                                      <message><![CDATA[System.Reflection.TargetInvocationException : Ein Aufrufziel hat einen Ausnahmefehler verursacht.
  ----> System.NullReferenceException : Der Objektverweis wurde nicht auf eine Objektinstanz festgelegt.]]></message>
                                      <stack-trace><![CDATA[bei System.RuntimeTypeHandle.CreateInstance(RuntimeType type, Boolean publicOnly, Boolean noCheck, Boolean& canBeCached, RuntimeMethodHandle& ctor, Boolean& bNeedSecurityCheck)
bei System.RuntimeType.CreateInstanceSlow(Boolean publicOnly, Boolean fillCache)
bei System.RuntimeType.CreateInstanceImpl(Boolean publicOnly, Boolean skipVisibilityChecks, Boolean fillCache)
bei System.Activator.CreateInstance(Type type, Boolean nonPublic)
bei System.Activator.CreateInstance(Type type)
bei Kistl.GUI.DB.KistlGUIContext.CreateControl(ControlInfo info) in C:\Projekte\Kistl\Kistl.Client\GUI.DB\KistlGUIContext.cs:Zeile 50.
bei Kistl.GUI.Mocks.ControlHarness`1.SetUp() in C:\Projekte\Kistl\Tests\Kistl.Client.Tests\Mocks\ControlHarness.cs:Zeile 29.
bei Kistl.GUI.Tests.BasicControlTests`1.SetUp() in C:\Projekte\Kistl\Tests\Kistl.Client.Tests\GUI\BasicControlTests.cs:Zeile 40.
bei Kistl.GUI.Tests.ValueControlTests`2.AddEvents() in C:\Projekte\Kistl\Tests\Kistl.Client.Tests\GUI\ValueControlTests.cs:Zeile 39.
--NullReferenceException
bei System.Web.Compilation.BuildManager.GetCacheKeyFromVirtualPath(VirtualPath virtualPath, Boolean& keyFromVPP)
bei System.Web.Compilation.BuildManager.GetVPathBuildResultFromCacheInternal(VirtualPath virtualPath)
bei System.Web.Compilation.BuildManager.GetVPathBuildResultInternal(VirtualPath virtualPath, Boolean noBuild, Boolean allowCrossApp, Boolean allowBuildInPrecompile)
bei System.Web.Compilation.BuildManager.GetVPathBuildResultWithNoAssert(HttpContext context, VirtualPath virtualPath, Boolean noBuild, Boolean allowCrossApp, Boolean allowBuildInPrecompile)
bei System.Web.UI.TemplateControl.LoadControl(VirtualPath virtualPath)
bei System.Web.UI.TemplateControl.LoadControl(String virtualPath)
bei Kistl.Client.ASPNET.Toolkit.BaseControlLoader`1..ctor() in C:\Projekte\Kistl\Kistl.Client.ASPNET.Toolkit\ControlLoader.cs:Zeile 27.
bei Kistl.Client.ASPNET.Toolkit.BasicPropertyControl`1..ctor()
bei Kistl.Client.ASPNET.Toolkit.DateTimePropertyControl..ctor()
]]></stack-trace>
                                    </failure>
                                  </test-case>
                                  <test-case name="Kistl.GUI.Renderer.ASPNET.Tests.DateTimeControlTests.TestIsValidValue" executed="True" success="False" time="0.000" asserts="0">
                                    <failure>
                                      <message><![CDATA[System.Reflection.TargetInvocationException : Ein Aufrufziel hat einen Ausnahmefehler verursacht.
  ----> System.NullReferenceException : Der Objektverweis wurde nicht auf eine Objektinstanz festgelegt.]]></message>
                                      <stack-trace><![CDATA[bei System.RuntimeTypeHandle.CreateInstance(RuntimeType type, Boolean publicOnly, Boolean noCheck, Boolean& canBeCached, RuntimeMethodHandle& ctor, Boolean& bNeedSecurityCheck)
bei System.RuntimeType.CreateInstanceSlow(Boolean publicOnly, Boolean fillCache)
bei System.RuntimeType.CreateInstanceImpl(Boolean publicOnly, Boolean skipVisibilityChecks, Boolean fillCache)
bei System.Activator.CreateInstance(Type type, Boolean nonPublic)
bei System.Activator.CreateInstance(Type type)
bei Kistl.GUI.DB.KistlGUIContext.CreateControl(ControlInfo info) in C:\Projekte\Kistl\Kistl.Client\GUI.DB\KistlGUIContext.cs:Zeile 50.
bei Kistl.GUI.Mocks.ControlHarness`1.SetUp() in C:\Projekte\Kistl\Tests\Kistl.Client.Tests\Mocks\ControlHarness.cs:Zeile 29.
bei Kistl.GUI.Tests.BasicControlTests`1.SetUp() in C:\Projekte\Kistl\Tests\Kistl.Client.Tests\GUI\BasicControlTests.cs:Zeile 40.
bei Kistl.GUI.Tests.ValueControlTests`2.AddEvents() in C:\Projekte\Kistl\Tests\Kistl.Client.Tests\GUI\ValueControlTests.cs:Zeile 39.
--NullReferenceException
bei System.Web.Compilation.BuildManager.GetCacheKeyFromVirtualPath(VirtualPath virtualPath, Boolean& keyFromVPP)
bei System.Web.Compilation.BuildManager.GetVPathBuildResultFromCacheInternal(VirtualPath virtualPath)
bei System.Web.Compilation.BuildManager.GetVPathBuildResultInternal(VirtualPath virtualPath, Boolean noBuild, Boolean allowCrossApp, Boolean allowBuildInPrecompile)
bei System.Web.Compilation.BuildManager.GetVPathBuildResultWithNoAssert(HttpContext context, VirtualPath virtualPath, Boolean noBuild, Boolean allowCrossApp, Boolean allowBuildInPrecompile)
bei System.Web.UI.TemplateControl.LoadControl(VirtualPath virtualPath)
bei System.Web.UI.TemplateControl.LoadControl(String virtualPath)
bei Kistl.Client.ASPNET.Toolkit.BaseControlLoader`1..ctor() in C:\Projekte\Kistl\Kistl.Client.ASPNET.Toolkit\ControlLoader.cs:Zeile 27.
bei Kistl.Client.ASPNET.Toolkit.BasicPropertyControl`1..ctor()
bei Kistl.Client.ASPNET.Toolkit.DateTimePropertyControl..ctor()
]]></stack-trace>
                                    </failure>
                                  </test-case>
                                  <test-case name="Kistl.GUI.Renderer.ASPNET.Tests.DateTimeControlTests.TestSetUpCorrect" executed="True" success="False" time="0.016" asserts="0">
                                    <failure>
                                      <message><![CDATA[System.Reflection.TargetInvocationException : Ein Aufrufziel hat einen Ausnahmefehler verursacht.
  ----> System.NullReferenceException : Der Objektverweis wurde nicht auf eine Objektinstanz festgelegt.]]></message>
                                      <stack-trace><![CDATA[bei System.RuntimeTypeHandle.CreateInstance(RuntimeType type, Boolean publicOnly, Boolean noCheck, Boolean& canBeCached, RuntimeMethodHandle& ctor, Boolean& bNeedSecurityCheck)
bei System.RuntimeType.CreateInstanceSlow(Boolean publicOnly, Boolean fillCache)
bei System.RuntimeType.CreateInstanceImpl(Boolean publicOnly, Boolean skipVisibilityChecks, Boolean fillCache)
bei System.Activator.CreateInstance(Type type, Boolean nonPublic)
bei System.Activator.CreateInstance(Type type)
bei Kistl.GUI.DB.KistlGUIContext.CreateControl(ControlInfo info) in C:\Projekte\Kistl\Kistl.Client\GUI.DB\KistlGUIContext.cs:Zeile 50.
bei Kistl.GUI.Mocks.ControlHarness`1.SetUp() in C:\Projekte\Kistl\Tests\Kistl.Client.Tests\Mocks\ControlHarness.cs:Zeile 29.
bei Kistl.GUI.Tests.BasicControlTests`1.SetUp() in C:\Projekte\Kistl\Tests\Kistl.Client.Tests\GUI\BasicControlTests.cs:Zeile 40.
bei Kistl.GUI.Tests.ValueControlTests`2.AddEvents() in C:\Projekte\Kistl\Tests\Kistl.Client.Tests\GUI\ValueControlTests.cs:Zeile 39.
--NullReferenceException
bei System.Web.Compilation.BuildManager.GetCacheKeyFromVirtualPath(VirtualPath virtualPath, Boolean& keyFromVPP)
bei System.Web.Compilation.BuildManager.GetVPathBuildResultFromCacheInternal(VirtualPath virtualPath)
bei System.Web.Compilation.BuildManager.GetVPathBuildResultInternal(VirtualPath virtualPath, Boolean noBuild, Boolean allowCrossApp, Boolean allowBuildInPrecompile)
bei System.Web.Compilation.BuildManager.GetVPathBuildResultWithNoAssert(HttpContext context, VirtualPath virtualPath, Boolean noBuild, Boolean allowCrossApp, Boolean allowBuildInPrecompile)
bei System.Web.UI.TemplateControl.LoadControl(VirtualPath virtualPath)
bei System.Web.UI.TemplateControl.LoadControl(String virtualPath)
bei Kistl.Client.ASPNET.Toolkit.BaseControlLoader`1..ctor() in C:\Projekte\Kistl\Kistl.Client.ASPNET.Toolkit\ControlLoader.cs:Zeile 27.
bei Kistl.Client.ASPNET.Toolkit.BasicPropertyControl`1..ctor()
bei Kistl.Client.ASPNET.Toolkit.DateTimePropertyControl..ctor()
]]></stack-trace>
                                    </failure>
                                  </test-case>
                                  <test-case name="Kistl.GUI.Renderer.ASPNET.Tests.DateTimeControlTests.TestShortLabel" executed="True" success="False" time="0.000" asserts="0">
                                    <failure>
                                      <message><![CDATA[System.Reflection.TargetInvocationException : Ein Aufrufziel hat einen Ausnahmefehler verursacht.
  ----> System.NullReferenceException : Der Objektverweis wurde nicht auf eine Objektinstanz festgelegt.]]></message>
                                      <stack-trace><![CDATA[bei System.RuntimeTypeHandle.CreateInstance(RuntimeType type, Boolean publicOnly, Boolean noCheck, Boolean& canBeCached, RuntimeMethodHandle& ctor, Boolean& bNeedSecurityCheck)
bei System.RuntimeType.CreateInstanceSlow(Boolean publicOnly, Boolean fillCache)
bei System.RuntimeType.CreateInstanceImpl(Boolean publicOnly, Boolean skipVisibilityChecks, Boolean fillCache)
bei System.Activator.CreateInstance(Type type, Boolean nonPublic)
bei System.Activator.CreateInstance(Type type)
bei Kistl.GUI.DB.KistlGUIContext.CreateControl(ControlInfo info) in C:\Projekte\Kistl\Kistl.Client\GUI.DB\KistlGUIContext.cs:Zeile 50.
bei Kistl.GUI.Mocks.ControlHarness`1.SetUp() in C:\Projekte\Kistl\Tests\Kistl.Client.Tests\Mocks\ControlHarness.cs:Zeile 29.
bei Kistl.GUI.Tests.BasicControlTests`1.SetUp() in C:\Projekte\Kistl\Tests\Kistl.Client.Tests\GUI\BasicControlTests.cs:Zeile 40.
bei Kistl.GUI.Tests.ValueControlTests`2.AddEvents() in C:\Projekte\Kistl\Tests\Kistl.Client.Tests\GUI\ValueControlTests.cs:Zeile 39.
--NullReferenceException
bei System.Web.Compilation.BuildManager.GetCacheKeyFromVirtualPath(VirtualPath virtualPath, Boolean& keyFromVPP)
bei System.Web.Compilation.BuildManager.GetVPathBuildResultFromCacheInternal(VirtualPath virtualPath)
bei System.Web.Compilation.BuildManager.GetVPathBuildResultInternal(VirtualPath virtualPath, Boolean noBuild, Boolean allowCrossApp, Boolean allowBuildInPrecompile)
bei System.Web.Compilation.BuildManager.GetVPathBuildResultWithNoAssert(HttpContext context, VirtualPath virtualPath, Boolean noBuild, Boolean allowCrossApp, Boolean allowBuildInPrecompile)
bei System.Web.UI.TemplateControl.LoadControl(VirtualPath virtualPath)
bei System.Web.UI.TemplateControl.LoadControl(String virtualPath)
bei Kistl.Client.ASPNET.Toolkit.BaseControlLoader`1..ctor() in C:\Projekte\Kistl\Kistl.Client.ASPNET.Toolkit\ControlLoader.cs:Zeile 27.
bei Kistl.Client.ASPNET.Toolkit.BasicPropertyControl`1..ctor()
bei Kistl.Client.ASPNET.Toolkit.DateTimePropertyControl..ctor()
]]></stack-trace>
                                    </failure>
                                  </test-case>
                                  <test-case name="Kistl.GUI.Renderer.ASPNET.Tests.DateTimeControlTests.TestUserInput" executed="False">
                                    <reason>
                                      <message><![CDATA[]]></message>
                                    </reason>
                                  </test-case>
                                  <test-case name="Kistl.GUI.Renderer.ASPNET.Tests.DateTimeControlTests.TestValueProgrammatically" executed="True" success="False" time="0.000" asserts="0">
                                    <failure>
                                      <message><![CDATA[System.Reflection.TargetInvocationException : Ein Aufrufziel hat einen Ausnahmefehler verursacht.
  ----> System.NullReferenceException : Der Objektverweis wurde nicht auf eine Objektinstanz festgelegt.]]></message>
                                      <stack-trace><![CDATA[bei System.RuntimeTypeHandle.CreateInstance(RuntimeType type, Boolean publicOnly, Boolean noCheck, Boolean& canBeCached, RuntimeMethodHandle& ctor, Boolean& bNeedSecurityCheck)
bei System.RuntimeType.CreateInstanceSlow(Boolean publicOnly, Boolean fillCache)
bei System.RuntimeType.CreateInstanceImpl(Boolean publicOnly, Boolean skipVisibilityChecks, Boolean fillCache)
bei System.Activator.CreateInstance(Type type, Boolean nonPublic)
bei System.Activator.CreateInstance(Type type)
bei Kistl.GUI.DB.KistlGUIContext.CreateControl(ControlInfo info) in C:\Projekte\Kistl\Kistl.Client\GUI.DB\KistlGUIContext.cs:Zeile 50.
bei Kistl.GUI.Mocks.ControlHarness`1.SetUp() in C:\Projekte\Kistl\Tests\Kistl.Client.Tests\Mocks\ControlHarness.cs:Zeile 29.
bei Kistl.GUI.Tests.BasicControlTests`1.SetUp() in C:\Projekte\Kistl\Tests\Kistl.Client.Tests\GUI\BasicControlTests.cs:Zeile 40.
bei Kistl.GUI.Tests.ValueControlTests`2.AddEvents() in C:\Projekte\Kistl\Tests\Kistl.Client.Tests\GUI\ValueControlTests.cs:Zeile 39.
--NullReferenceException
bei System.Web.Compilation.BuildManager.GetCacheKeyFromVirtualPath(VirtualPath virtualPath, Boolean& keyFromVPP)
bei System.Web.Compilation.BuildManager.GetVPathBuildResultFromCacheInternal(VirtualPath virtualPath)
bei System.Web.Compilation.BuildManager.GetVPathBuildResultInternal(VirtualPath virtualPath, Boolean noBuild, Boolean allowCrossApp, Boolean allowBuildInPrecompile)
bei System.Web.Compilation.BuildManager.GetVPathBuildResultWithNoAssert(HttpContext context, VirtualPath virtualPath, Boolean noBuild, Boolean allowCrossApp, Boolean allowBuildInPrecompile)
bei System.Web.UI.TemplateControl.LoadControl(VirtualPath virtualPath)
bei System.Web.UI.TemplateControl.LoadControl(String virtualPath)
bei Kistl.Client.ASPNET.Toolkit.BaseControlLoader`1..ctor() in C:\Projekte\Kistl\Kistl.Client.ASPNET.Toolkit\ControlLoader.cs:Zeile 27.
bei Kistl.Client.ASPNET.Toolkit.BasicPropertyControl`1..ctor()
bei Kistl.Client.ASPNET.Toolkit.DateTimePropertyControl..ctor()
]]></stack-trace>
                                    </failure>
                                  </test-case>
                                </results>
                              </test-suite>
                              <test-suite name="DoubleControlTests" success="False" time="0.203" asserts="2">
                                <results>
                                  <test-case name="Kistl.GUI.Renderer.ASPNET.Tests.DoubleControlTests.TestDescription" executed="True" success="False" time="0.016" asserts="0">
                                    <failure>
                                      <message><![CDATA[System.Reflection.TargetInvocationException : Ein Aufrufziel hat einen Ausnahmefehler verursacht.
  ----> System.NullReferenceException : Der Objektverweis wurde nicht auf eine Objektinstanz festgelegt.]]></message>
                                      <stack-trace><![CDATA[bei System.RuntimeTypeHandle.CreateInstance(RuntimeType type, Boolean publicOnly, Boolean noCheck, Boolean& canBeCached, RuntimeMethodHandle& ctor, Boolean& bNeedSecurityCheck)
bei System.RuntimeType.CreateInstanceSlow(Boolean publicOnly, Boolean fillCache)
bei System.RuntimeType.CreateInstanceImpl(Boolean publicOnly, Boolean skipVisibilityChecks, Boolean fillCache)
bei System.Activator.CreateInstance(Type type, Boolean nonPublic)
bei System.Activator.CreateInstance(Type type)
bei Kistl.GUI.DB.KistlGUIContext.CreateControl(ControlInfo info) in C:\Projekte\Kistl\Kistl.Client\GUI.DB\KistlGUIContext.cs:Zeile 50.
bei Kistl.GUI.Mocks.ControlHarness`1.SetUp() in C:\Projekte\Kistl\Tests\Kistl.Client.Tests\Mocks\ControlHarness.cs:Zeile 29.
bei Kistl.GUI.Tests.BasicControlTests`1.SetUp() in C:\Projekte\Kistl\Tests\Kistl.Client.Tests\GUI\BasicControlTests.cs:Zeile 40.
bei Kistl.GUI.Tests.ValueControlTests`2.AddEvents() in C:\Projekte\Kistl\Tests\Kistl.Client.Tests\GUI\ValueControlTests.cs:Zeile 39.
--NullReferenceException
bei System.Web.Compilation.BuildManager.GetCacheKeyFromVirtualPath(VirtualPath virtualPath, Boolean& keyFromVPP)
bei System.Web.Compilation.BuildManager.GetVPathBuildResultFromCacheInternal(VirtualPath virtualPath)
bei System.Web.Compilation.BuildManager.GetVPathBuildResultInternal(VirtualPath virtualPath, Boolean noBuild, Boolean allowCrossApp, Boolean allowBuildInPrecompile)
bei System.Web.Compilation.BuildManager.GetVPathBuildResultWithNoAssert(HttpContext context, VirtualPath virtualPath, Boolean noBuild, Boolean allowCrossApp, Boolean allowBuildInPrecompile)
bei System.Web.UI.TemplateControl.LoadControl(VirtualPath virtualPath)
bei System.Web.UI.TemplateControl.LoadControl(String virtualPath)
bei Kistl.Client.ASPNET.Toolkit.BaseControlLoader`1..ctor() in C:\Projekte\Kistl\Kistl.Client.ASPNET.Toolkit\ControlLoader.cs:Zeile 27.
bei Kistl.Client.ASPNET.Toolkit.BasicPropertyControl`1..ctor()
bei Kistl.Client.ASPNET.Toolkit.DoublePropertyControl..ctor()
]]></stack-trace>
                                    </failure>
                                  </test-case>
                                  <test-case name="Kistl.GUI.Renderer.ASPNET.Tests.DoubleControlTests.TestFieldSize" executed="True" success="False" time="0.000" asserts="0">
                                    <failure>
                                      <message><![CDATA[System.Reflection.TargetInvocationException : Ein Aufrufziel hat einen Ausnahmefehler verursacht.
  ----> System.NullReferenceException : Der Objektverweis wurde nicht auf eine Objektinstanz festgelegt.]]></message>
                                      <stack-trace><![CDATA[bei System.RuntimeTypeHandle.CreateInstance(RuntimeType type, Boolean publicOnly, Boolean noCheck, Boolean& canBeCached, RuntimeMethodHandle& ctor, Boolean& bNeedSecurityCheck)
bei System.RuntimeType.CreateInstanceSlow(Boolean publicOnly, Boolean fillCache)
bei System.RuntimeType.CreateInstanceImpl(Boolean publicOnly, Boolean skipVisibilityChecks, Boolean fillCache)
bei System.Activator.CreateInstance(Type type, Boolean nonPublic)
bei System.Activator.CreateInstance(Type type)
bei Kistl.GUI.DB.KistlGUIContext.CreateControl(ControlInfo info) in C:\Projekte\Kistl\Kistl.Client\GUI.DB\KistlGUIContext.cs:Zeile 50.
bei Kistl.GUI.Mocks.ControlHarness`1.SetUp() in C:\Projekte\Kistl\Tests\Kistl.Client.Tests\Mocks\ControlHarness.cs:Zeile 29.
bei Kistl.GUI.Tests.BasicControlTests`1.SetUp() in C:\Projekte\Kistl\Tests\Kistl.Client.Tests\GUI\BasicControlTests.cs:Zeile 40.
bei Kistl.GUI.Tests.ValueControlTests`2.AddEvents() in C:\Projekte\Kistl\Tests\Kistl.Client.Tests\GUI\ValueControlTests.cs:Zeile 39.
--NullReferenceException
bei System.Web.Compilation.BuildManager.GetCacheKeyFromVirtualPath(VirtualPath virtualPath, Boolean& keyFromVPP)
bei System.Web.Compilation.BuildManager.GetVPathBuildResultFromCacheInternal(VirtualPath virtualPath)
bei System.Web.Compilation.BuildManager.GetVPathBuildResultInternal(VirtualPath virtualPath, Boolean noBuild, Boolean allowCrossApp, Boolean allowBuildInPrecompile)
bei System.Web.Compilation.BuildManager.GetVPathBuildResultWithNoAssert(HttpContext context, VirtualPath virtualPath, Boolean noBuild, Boolean allowCrossApp, Boolean allowBuildInPrecompile)
bei System.Web.UI.TemplateControl.LoadControl(VirtualPath virtualPath)
bei System.Web.UI.TemplateControl.LoadControl(String virtualPath)
bei Kistl.Client.ASPNET.Toolkit.BaseControlLoader`1..ctor() in C:\Projekte\Kistl\Kistl.Client.ASPNET.Toolkit\ControlLoader.cs:Zeile 27.
bei Kistl.Client.ASPNET.Toolkit.BasicPropertyControl`1..ctor()
bei Kistl.Client.ASPNET.Toolkit.DoublePropertyControl..ctor()
]]></stack-trace>
                                    </failure>
                                  </test-case>
                                  <test-case name="Kistl.GUI.Renderer.ASPNET.Tests.DoubleControlTests.TestIsValidValue" executed="True" success="False" time="0.000" asserts="0">
                                    <failure>
                                      <message><![CDATA[System.Reflection.TargetInvocationException : Ein Aufrufziel hat einen Ausnahmefehler verursacht.
  ----> System.NullReferenceException : Der Objektverweis wurde nicht auf eine Objektinstanz festgelegt.]]></message>
                                      <stack-trace><![CDATA[bei System.RuntimeTypeHandle.CreateInstance(RuntimeType type, Boolean publicOnly, Boolean noCheck, Boolean& canBeCached, RuntimeMethodHandle& ctor, Boolean& bNeedSecurityCheck)
bei System.RuntimeType.CreateInstanceSlow(Boolean publicOnly, Boolean fillCache)
bei System.RuntimeType.CreateInstanceImpl(Boolean publicOnly, Boolean skipVisibilityChecks, Boolean fillCache)
bei System.Activator.CreateInstance(Type type, Boolean nonPublic)
bei System.Activator.CreateInstance(Type type)
bei Kistl.GUI.DB.KistlGUIContext.CreateControl(ControlInfo info) in C:\Projekte\Kistl\Kistl.Client\GUI.DB\KistlGUIContext.cs:Zeile 50.
bei Kistl.GUI.Mocks.ControlHarness`1.SetUp() in C:\Projekte\Kistl\Tests\Kistl.Client.Tests\Mocks\ControlHarness.cs:Zeile 29.
bei Kistl.GUI.Tests.BasicControlTests`1.SetUp() in C:\Projekte\Kistl\Tests\Kistl.Client.Tests\GUI\BasicControlTests.cs:Zeile 40.
bei Kistl.GUI.Tests.ValueControlTests`2.AddEvents() in C:\Projekte\Kistl\Tests\Kistl.Client.Tests\GUI\ValueControlTests.cs:Zeile 39.
--NullReferenceException
bei System.Web.Compilation.BuildManager.GetCacheKeyFromVirtualPath(VirtualPath virtualPath, Boolean& keyFromVPP)
bei System.Web.Compilation.BuildManager.GetVPathBuildResultFromCacheInternal(VirtualPath virtualPath)
bei System.Web.Compilation.BuildManager.GetVPathBuildResultInternal(VirtualPath virtualPath, Boolean noBuild, Boolean allowCrossApp, Boolean allowBuildInPrecompile)
bei System.Web.Compilation.BuildManager.GetVPathBuildResultWithNoAssert(HttpContext context, VirtualPath virtualPath, Boolean noBuild, Boolean allowCrossApp, Boolean allowBuildInPrecompile)
bei System.Web.UI.TemplateControl.LoadControl(VirtualPath virtualPath)
bei System.Web.UI.TemplateControl.LoadControl(String virtualPath)
bei Kistl.Client.ASPNET.Toolkit.BaseControlLoader`1..ctor() in C:\Projekte\Kistl\Kistl.Client.ASPNET.Toolkit\ControlLoader.cs:Zeile 27.
bei Kistl.Client.ASPNET.Toolkit.BasicPropertyControl`1..ctor()
bei Kistl.Client.ASPNET.Toolkit.DoublePropertyControl..ctor()
]]></stack-trace>
                                    </failure>
                                  </test-case>
                                  <test-case name="Kistl.GUI.Renderer.ASPNET.Tests.DoubleControlTests.TestSetUpCorrect" executed="True" success="False" time="0.000" asserts="0">
                                    <failure>
                                      <message><![CDATA[System.Reflection.TargetInvocationException : Ein Aufrufziel hat einen Ausnahmefehler verursacht.
  ----> System.NullReferenceException : Der Objektverweis wurde nicht auf eine Objektinstanz festgelegt.]]></message>
                                      <stack-trace><![CDATA[bei System.RuntimeTypeHandle.CreateInstance(RuntimeType type, Boolean publicOnly, Boolean noCheck, Boolean& canBeCached, RuntimeMethodHandle& ctor, Boolean& bNeedSecurityCheck)
bei System.RuntimeType.CreateInstanceSlow(Boolean publicOnly, Boolean fillCache)
bei System.RuntimeType.CreateInstanceImpl(Boolean publicOnly, Boolean skipVisibilityChecks, Boolean fillCache)
bei System.Activator.CreateInstance(Type type, Boolean nonPublic)
bei System.Activator.CreateInstance(Type type)
bei Kistl.GUI.DB.KistlGUIContext.CreateControl(ControlInfo info) in C:\Projekte\Kistl\Kistl.Client\GUI.DB\KistlGUIContext.cs:Zeile 50.
bei Kistl.GUI.Mocks.ControlHarness`1.SetUp() in C:\Projekte\Kistl\Tests\Kistl.Client.Tests\Mocks\ControlHarness.cs:Zeile 29.
bei Kistl.GUI.Tests.BasicControlTests`1.SetUp() in C:\Projekte\Kistl\Tests\Kistl.Client.Tests\GUI\BasicControlTests.cs:Zeile 40.
bei Kistl.GUI.Tests.ValueControlTests`2.AddEvents() in C:\Projekte\Kistl\Tests\Kistl.Client.Tests\GUI\ValueControlTests.cs:Zeile 39.
--NullReferenceException
bei System.Web.Compilation.BuildManager.GetCacheKeyFromVirtualPath(VirtualPath virtualPath, Boolean& keyFromVPP)
bei System.Web.Compilation.BuildManager.GetVPathBuildResultFromCacheInternal(VirtualPath virtualPath)
bei System.Web.Compilation.BuildManager.GetVPathBuildResultInternal(VirtualPath virtualPath, Boolean noBuild, Boolean allowCrossApp, Boolean allowBuildInPrecompile)
bei System.Web.Compilation.BuildManager.GetVPathBuildResultWithNoAssert(HttpContext context, VirtualPath virtualPath, Boolean noBuild, Boolean allowCrossApp, Boolean allowBuildInPrecompile)
bei System.Web.UI.TemplateControl.LoadControl(VirtualPath virtualPath)
bei System.Web.UI.TemplateControl.LoadControl(String virtualPath)
bei Kistl.Client.ASPNET.Toolkit.BaseControlLoader`1..ctor() in C:\Projekte\Kistl\Kistl.Client.ASPNET.Toolkit\ControlLoader.cs:Zeile 27.
bei Kistl.Client.ASPNET.Toolkit.BasicPropertyControl`1..ctor()
bei Kistl.Client.ASPNET.Toolkit.DoublePropertyControl..ctor()
]]></stack-trace>
                                    </failure>
                                  </test-case>
                                  <test-case name="Kistl.GUI.Renderer.ASPNET.Tests.DoubleControlTests.TestShortLabel" executed="True" success="False" time="0.000" asserts="0">
                                    <failure>
                                      <message><![CDATA[System.Reflection.TargetInvocationException : Ein Aufrufziel hat einen Ausnahmefehler verursacht.
  ----> System.NullReferenceException : Der Objektverweis wurde nicht auf eine Objektinstanz festgelegt.]]></message>
                                      <stack-trace><![CDATA[bei System.RuntimeTypeHandle.CreateInstance(RuntimeType type, Boolean publicOnly, Boolean noCheck, Boolean& canBeCached, RuntimeMethodHandle& ctor, Boolean& bNeedSecurityCheck)
bei System.RuntimeType.CreateInstanceSlow(Boolean publicOnly, Boolean fillCache)
bei System.RuntimeType.CreateInstanceImpl(Boolean publicOnly, Boolean skipVisibilityChecks, Boolean fillCache)
bei System.Activator.CreateInstance(Type type, Boolean nonPublic)
bei System.Activator.CreateInstance(Type type)
bei Kistl.GUI.DB.KistlGUIContext.CreateControl(ControlInfo info) in C:\Projekte\Kistl\Kistl.Client\GUI.DB\KistlGUIContext.cs:Zeile 50.
bei Kistl.GUI.Mocks.ControlHarness`1.SetUp() in C:\Projekte\Kistl\Tests\Kistl.Client.Tests\Mocks\ControlHarness.cs:Zeile 29.
bei Kistl.GUI.Tests.BasicControlTests`1.SetUp() in C:\Projekte\Kistl\Tests\Kistl.Client.Tests\GUI\BasicControlTests.cs:Zeile 40.
bei Kistl.GUI.Tests.ValueControlTests`2.AddEvents() in C:\Projekte\Kistl\Tests\Kistl.Client.Tests\GUI\ValueControlTests.cs:Zeile 39.
--NullReferenceException
bei System.Web.Compilation.BuildManager.GetCacheKeyFromVirtualPath(VirtualPath virtualPath, Boolean& keyFromVPP)
bei System.Web.Compilation.BuildManager.GetVPathBuildResultFromCacheInternal(VirtualPath virtualPath)
bei System.Web.Compilation.BuildManager.GetVPathBuildResultInternal(VirtualPath virtualPath, Boolean noBuild, Boolean allowCrossApp, Boolean allowBuildInPrecompile)
bei System.Web.Compilation.BuildManager.GetVPathBuildResultWithNoAssert(HttpContext context, VirtualPath virtualPath, Boolean noBuild, Boolean allowCrossApp, Boolean allowBuildInPrecompile)
bei System.Web.UI.TemplateControl.LoadControl(VirtualPath virtualPath)
bei System.Web.UI.TemplateControl.LoadControl(String virtualPath)
bei Kistl.Client.ASPNET.Toolkit.BaseControlLoader`1..ctor() in C:\Projekte\Kistl\Kistl.Client.ASPNET.Toolkit\ControlLoader.cs:Zeile 27.
bei Kistl.Client.ASPNET.Toolkit.BasicPropertyControl`1..ctor()
bei Kistl.Client.ASPNET.Toolkit.DoublePropertyControl..ctor()
]]></stack-trace>
                                    </failure>
                                  </test-case>
                                  <test-case name="Kistl.GUI.Renderer.ASPNET.Tests.DoubleControlTests.TestUserInput" executed="False">
                                    <reason>
                                      <message><![CDATA[]]></message>
                                    </reason>
                                  </test-case>
                                  <test-case name="Kistl.GUI.Renderer.ASPNET.Tests.DoubleControlTests.TestValueProgrammatically" executed="True" success="False" time="0.016" asserts="0">
                                    <failure>
                                      <message><![CDATA[System.Reflection.TargetInvocationException : Ein Aufrufziel hat einen Ausnahmefehler verursacht.
  ----> System.NullReferenceException : Der Objektverweis wurde nicht auf eine Objektinstanz festgelegt.]]></message>
                                      <stack-trace><![CDATA[bei System.RuntimeTypeHandle.CreateInstance(RuntimeType type, Boolean publicOnly, Boolean noCheck, Boolean& canBeCached, RuntimeMethodHandle& ctor, Boolean& bNeedSecurityCheck)
bei System.RuntimeType.CreateInstanceSlow(Boolean publicOnly, Boolean fillCache)
bei System.RuntimeType.CreateInstanceImpl(Boolean publicOnly, Boolean skipVisibilityChecks, Boolean fillCache)
bei System.Activator.CreateInstance(Type type, Boolean nonPublic)
bei System.Activator.CreateInstance(Type type)
bei Kistl.GUI.DB.KistlGUIContext.CreateControl(ControlInfo info) in C:\Projekte\Kistl\Kistl.Client\GUI.DB\KistlGUIContext.cs:Zeile 50.
bei Kistl.GUI.Mocks.ControlHarness`1.SetUp() in C:\Projekte\Kistl\Tests\Kistl.Client.Tests\Mocks\ControlHarness.cs:Zeile 29.
bei Kistl.GUI.Tests.BasicControlTests`1.SetUp() in C:\Projekte\Kistl\Tests\Kistl.Client.Tests\GUI\BasicControlTests.cs:Zeile 40.
bei Kistl.GUI.Tests.ValueControlTests`2.AddEvents() in C:\Projekte\Kistl\Tests\Kistl.Client.Tests\GUI\ValueControlTests.cs:Zeile 39.
--NullReferenceException
bei System.Web.Compilation.BuildManager.GetCacheKeyFromVirtualPath(VirtualPath virtualPath, Boolean& keyFromVPP)
bei System.Web.Compilation.BuildManager.GetVPathBuildResultFromCacheInternal(VirtualPath virtualPath)
bei System.Web.Compilation.BuildManager.GetVPathBuildResultInternal(VirtualPath virtualPath, Boolean noBuild, Boolean allowCrossApp, Boolean allowBuildInPrecompile)
bei System.Web.Compilation.BuildManager.GetVPathBuildResultWithNoAssert(HttpContext context, VirtualPath virtualPath, Boolean noBuild, Boolean allowCrossApp, Boolean allowBuildInPrecompile)
bei System.Web.UI.TemplateControl.LoadControl(VirtualPath virtualPath)
bei System.Web.UI.TemplateControl.LoadControl(String virtualPath)
bei Kistl.Client.ASPNET.Toolkit.BaseControlLoader`1..ctor() in C:\Projekte\Kistl\Kistl.Client.ASPNET.Toolkit\ControlLoader.cs:Zeile 27.
bei Kistl.Client.ASPNET.Toolkit.BasicPropertyControl`1..ctor()
bei Kistl.Client.ASPNET.Toolkit.DoublePropertyControl..ctor()
]]></stack-trace>
                                    </failure>
                                  </test-case>
                                </results>
                              </test-suite>
                              <test-suite name="IntControlTests" success="False" time="0.063" asserts="2">
                                <results>
                                  <test-case name="Kistl.GUI.Renderer.ASPNET.Tests.IntControlTests.TestDescription" executed="True" success="False" time="0.000" asserts="0">
                                    <failure>
                                      <message><![CDATA[System.Reflection.TargetInvocationException : Ein Aufrufziel hat einen Ausnahmefehler verursacht.
  ----> System.NullReferenceException : Der Objektverweis wurde nicht auf eine Objektinstanz festgelegt.]]></message>
                                      <stack-trace><![CDATA[bei System.RuntimeTypeHandle.CreateInstance(RuntimeType type, Boolean publicOnly, Boolean noCheck, Boolean& canBeCached, RuntimeMethodHandle& ctor, Boolean& bNeedSecurityCheck)
bei System.RuntimeType.CreateInstanceSlow(Boolean publicOnly, Boolean fillCache)
bei System.RuntimeType.CreateInstanceImpl(Boolean publicOnly, Boolean skipVisibilityChecks, Boolean fillCache)
bei System.Activator.CreateInstance(Type type, Boolean nonPublic)
bei System.Activator.CreateInstance(Type type)
bei Kistl.GUI.DB.KistlGUIContext.CreateControl(ControlInfo info) in C:\Projekte\Kistl\Kistl.Client\GUI.DB\KistlGUIContext.cs:Zeile 50.
bei Kistl.GUI.Mocks.ControlHarness`1.SetUp() in C:\Projekte\Kistl\Tests\Kistl.Client.Tests\Mocks\ControlHarness.cs:Zeile 29.
bei Kistl.GUI.Tests.BasicControlTests`1.SetUp() in C:\Projekte\Kistl\Tests\Kistl.Client.Tests\GUI\BasicControlTests.cs:Zeile 40.
bei Kistl.GUI.Tests.ValueControlTests`2.AddEvents() in C:\Projekte\Kistl\Tests\Kistl.Client.Tests\GUI\ValueControlTests.cs:Zeile 39.
--NullReferenceException
bei System.Web.Compilation.BuildManager.GetCacheKeyFromVirtualPath(VirtualPath virtualPath, Boolean& keyFromVPP)
bei System.Web.Compilation.BuildManager.GetVPathBuildResultFromCacheInternal(VirtualPath virtualPath)
bei System.Web.Compilation.BuildManager.GetVPathBuildResultInternal(VirtualPath virtualPath, Boolean noBuild, Boolean allowCrossApp, Boolean allowBuildInPrecompile)
bei System.Web.Compilation.BuildManager.GetVPathBuildResultWithNoAssert(HttpContext context, VirtualPath virtualPath, Boolean noBuild, Boolean allowCrossApp, Boolean allowBuildInPrecompile)
bei System.Web.UI.TemplateControl.LoadControl(VirtualPath virtualPath)
bei System.Web.UI.TemplateControl.LoadControl(String virtualPath)
bei Kistl.Client.ASPNET.Toolkit.BaseControlLoader`1..ctor() in C:\Projekte\Kistl\Kistl.Client.ASPNET.Toolkit\ControlLoader.cs:Zeile 27.
bei Kistl.Client.ASPNET.Toolkit.BasicPropertyControl`1..ctor()
bei Kistl.Client.ASPNET.Toolkit.IntPropertyControl..ctor()
]]></stack-trace>
                                    </failure>
                                  </test-case>
                                  <test-case name="Kistl.GUI.Renderer.ASPNET.Tests.IntControlTests.TestFieldSize" executed="True" success="False" time="0.000" asserts="0">
                                    <failure>
                                      <message><![CDATA[System.Reflection.TargetInvocationException : Ein Aufrufziel hat einen Ausnahmefehler verursacht.
  ----> System.NullReferenceException : Der Objektverweis wurde nicht auf eine Objektinstanz festgelegt.]]></message>
                                      <stack-trace><![CDATA[bei System.RuntimeTypeHandle.CreateInstance(RuntimeType type, Boolean publicOnly, Boolean noCheck, Boolean& canBeCached, RuntimeMethodHandle& ctor, Boolean& bNeedSecurityCheck)
bei System.RuntimeType.CreateInstanceSlow(Boolean publicOnly, Boolean fillCache)
bei System.RuntimeType.CreateInstanceImpl(Boolean publicOnly, Boolean skipVisibilityChecks, Boolean fillCache)
bei System.Activator.CreateInstance(Type type, Boolean nonPublic)
bei System.Activator.CreateInstance(Type type)
bei Kistl.GUI.DB.KistlGUIContext.CreateControl(ControlInfo info) in C:\Projekte\Kistl\Kistl.Client\GUI.DB\KistlGUIContext.cs:Zeile 50.
bei Kistl.GUI.Mocks.ControlHarness`1.SetUp() in C:\Projekte\Kistl\Tests\Kistl.Client.Tests\Mocks\ControlHarness.cs:Zeile 29.
bei Kistl.GUI.Tests.BasicControlTests`1.SetUp() in C:\Projekte\Kistl\Tests\Kistl.Client.Tests\GUI\BasicControlTests.cs:Zeile 40.
bei Kistl.GUI.Tests.ValueControlTests`2.AddEvents() in C:\Projekte\Kistl\Tests\Kistl.Client.Tests\GUI\ValueControlTests.cs:Zeile 39.
--NullReferenceException
bei System.Web.Compilation.BuildManager.GetCacheKeyFromVirtualPath(VirtualPath virtualPath, Boolean& keyFromVPP)
bei System.Web.Compilation.BuildManager.GetVPathBuildResultFromCacheInternal(VirtualPath virtualPath)
bei System.Web.Compilation.BuildManager.GetVPathBuildResultInternal(VirtualPath virtualPath, Boolean noBuild, Boolean allowCrossApp, Boolean allowBuildInPrecompile)
bei System.Web.Compilation.BuildManager.GetVPathBuildResultWithNoAssert(HttpContext context, VirtualPath virtualPath, Boolean noBuild, Boolean allowCrossApp, Boolean allowBuildInPrecompile)
bei System.Web.UI.TemplateControl.LoadControl(VirtualPath virtualPath)
bei System.Web.UI.TemplateControl.LoadControl(String virtualPath)
bei Kistl.Client.ASPNET.Toolkit.BaseControlLoader`1..ctor() in C:\Projekte\Kistl\Kistl.Client.ASPNET.Toolkit\ControlLoader.cs:Zeile 27.
bei Kistl.Client.ASPNET.Toolkit.BasicPropertyControl`1..ctor()
bei Kistl.Client.ASPNET.Toolkit.IntPropertyControl..ctor()
]]></stack-trace>
                                    </failure>
                                  </test-case>
                                  <test-case name="Kistl.GUI.Renderer.ASPNET.Tests.IntControlTests.TestIsValidValue" executed="True" success="False" time="0.000" asserts="0">
                                    <failure>
                                      <message><![CDATA[System.Reflection.TargetInvocationException : Ein Aufrufziel hat einen Ausnahmefehler verursacht.
  ----> System.NullReferenceException : Der Objektverweis wurde nicht auf eine Objektinstanz festgelegt.]]></message>
                                      <stack-trace><![CDATA[bei System.RuntimeTypeHandle.CreateInstance(RuntimeType type, Boolean publicOnly, Boolean noCheck, Boolean& canBeCached, RuntimeMethodHandle& ctor, Boolean& bNeedSecurityCheck)
bei System.RuntimeType.CreateInstanceSlow(Boolean publicOnly, Boolean fillCache)
bei System.RuntimeType.CreateInstanceImpl(Boolean publicOnly, Boolean skipVisibilityChecks, Boolean fillCache)
bei System.Activator.CreateInstance(Type type, Boolean nonPublic)
bei System.Activator.CreateInstance(Type type)
bei Kistl.GUI.DB.KistlGUIContext.CreateControl(ControlInfo info) in C:\Projekte\Kistl\Kistl.Client\GUI.DB\KistlGUIContext.cs:Zeile 50.
bei Kistl.GUI.Mocks.ControlHarness`1.SetUp() in C:\Projekte\Kistl\Tests\Kistl.Client.Tests\Mocks\ControlHarness.cs:Zeile 29.
bei Kistl.GUI.Tests.BasicControlTests`1.SetUp() in C:\Projekte\Kistl\Tests\Kistl.Client.Tests\GUI\BasicControlTests.cs:Zeile 40.
bei Kistl.GUI.Tests.ValueControlTests`2.AddEvents() in C:\Projekte\Kistl\Tests\Kistl.Client.Tests\GUI\ValueControlTests.cs:Zeile 39.
--NullReferenceException
bei System.Web.Compilation.BuildManager.GetCacheKeyFromVirtualPath(VirtualPath virtualPath, Boolean& keyFromVPP)
bei System.Web.Compilation.BuildManager.GetVPathBuildResultFromCacheInternal(VirtualPath virtualPath)
bei System.Web.Compilation.BuildManager.GetVPathBuildResultInternal(VirtualPath virtualPath, Boolean noBuild, Boolean allowCrossApp, Boolean allowBuildInPrecompile)
bei System.Web.Compilation.BuildManager.GetVPathBuildResultWithNoAssert(HttpContext context, VirtualPath virtualPath, Boolean noBuild, Boolean allowCrossApp, Boolean allowBuildInPrecompile)
bei System.Web.UI.TemplateControl.LoadControl(VirtualPath virtualPath)
bei System.Web.UI.TemplateControl.LoadControl(String virtualPath)
bei Kistl.Client.ASPNET.Toolkit.BaseControlLoader`1..ctor() in C:\Projekte\Kistl\Kistl.Client.ASPNET.Toolkit\ControlLoader.cs:Zeile 27.
bei Kistl.Client.ASPNET.Toolkit.BasicPropertyControl`1..ctor()
bei Kistl.Client.ASPNET.Toolkit.IntPropertyControl..ctor()
]]></stack-trace>
                                    </failure>
                                  </test-case>
                                  <test-case name="Kistl.GUI.Renderer.ASPNET.Tests.IntControlTests.TestSetUpCorrect" executed="True" success="False" time="0.016" asserts="0">
                                    <failure>
                                      <message><![CDATA[System.Reflection.TargetInvocationException : Ein Aufrufziel hat einen Ausnahmefehler verursacht.
  ----> System.NullReferenceException : Der Objektverweis wurde nicht auf eine Objektinstanz festgelegt.]]></message>
                                      <stack-trace><![CDATA[bei System.RuntimeTypeHandle.CreateInstance(RuntimeType type, Boolean publicOnly, Boolean noCheck, Boolean& canBeCached, RuntimeMethodHandle& ctor, Boolean& bNeedSecurityCheck)
bei System.RuntimeType.CreateInstanceSlow(Boolean publicOnly, Boolean fillCache)
bei System.RuntimeType.CreateInstanceImpl(Boolean publicOnly, Boolean skipVisibilityChecks, Boolean fillCache)
bei System.Activator.CreateInstance(Type type, Boolean nonPublic)
bei System.Activator.CreateInstance(Type type)
bei Kistl.GUI.DB.KistlGUIContext.CreateControl(ControlInfo info) in C:\Projekte\Kistl\Kistl.Client\GUI.DB\KistlGUIContext.cs:Zeile 50.
bei Kistl.GUI.Mocks.ControlHarness`1.SetUp() in C:\Projekte\Kistl\Tests\Kistl.Client.Tests\Mocks\ControlHarness.cs:Zeile 29.
bei Kistl.GUI.Tests.BasicControlTests`1.SetUp() in C:\Projekte\Kistl\Tests\Kistl.Client.Tests\GUI\BasicControlTests.cs:Zeile 40.
bei Kistl.GUI.Tests.ValueControlTests`2.AddEvents() in C:\Projekte\Kistl\Tests\Kistl.Client.Tests\GUI\ValueControlTests.cs:Zeile 39.
--NullReferenceException
bei System.Web.Compilation.BuildManager.GetCacheKeyFromVirtualPath(VirtualPath virtualPath, Boolean& keyFromVPP)
bei System.Web.Compilation.BuildManager.GetVPathBuildResultFromCacheInternal(VirtualPath virtualPath)
bei System.Web.Compilation.BuildManager.GetVPathBuildResultInternal(VirtualPath virtualPath, Boolean noBuild, Boolean allowCrossApp, Boolean allowBuildInPrecompile)
bei System.Web.Compilation.BuildManager.GetVPathBuildResultWithNoAssert(HttpContext context, VirtualPath virtualPath, Boolean noBuild, Boolean allowCrossApp, Boolean allowBuildInPrecompile)
bei System.Web.UI.TemplateControl.LoadControl(VirtualPath virtualPath)
bei System.Web.UI.TemplateControl.LoadControl(String virtualPath)
bei Kistl.Client.ASPNET.Toolkit.BaseControlLoader`1..ctor() in C:\Projekte\Kistl\Kistl.Client.ASPNET.Toolkit\ControlLoader.cs:Zeile 27.
bei Kistl.Client.ASPNET.Toolkit.BasicPropertyControl`1..ctor()
bei Kistl.Client.ASPNET.Toolkit.IntPropertyControl..ctor()
]]></stack-trace>
                                    </failure>
                                  </test-case>
                                  <test-case name="Kistl.GUI.Renderer.ASPNET.Tests.IntControlTests.TestShortLabel" executed="True" success="False" time="0.000" asserts="0">
                                    <failure>
                                      <message><![CDATA[System.Reflection.TargetInvocationException : Ein Aufrufziel hat einen Ausnahmefehler verursacht.
  ----> System.NullReferenceException : Der Objektverweis wurde nicht auf eine Objektinstanz festgelegt.]]></message>
                                      <stack-trace><![CDATA[bei System.RuntimeTypeHandle.CreateInstance(RuntimeType type, Boolean publicOnly, Boolean noCheck, Boolean& canBeCached, RuntimeMethodHandle& ctor, Boolean& bNeedSecurityCheck)
bei System.RuntimeType.CreateInstanceSlow(Boolean publicOnly, Boolean fillCache)
bei System.RuntimeType.CreateInstanceImpl(Boolean publicOnly, Boolean skipVisibilityChecks, Boolean fillCache)
bei System.Activator.CreateInstance(Type type, Boolean nonPublic)
bei System.Activator.CreateInstance(Type type)
bei Kistl.GUI.DB.KistlGUIContext.CreateControl(ControlInfo info) in C:\Projekte\Kistl\Kistl.Client\GUI.DB\KistlGUIContext.cs:Zeile 50.
bei Kistl.GUI.Mocks.ControlHarness`1.SetUp() in C:\Projekte\Kistl\Tests\Kistl.Client.Tests\Mocks\ControlHarness.cs:Zeile 29.
bei Kistl.GUI.Tests.BasicControlTests`1.SetUp() in C:\Projekte\Kistl\Tests\Kistl.Client.Tests\GUI\BasicControlTests.cs:Zeile 40.
bei Kistl.GUI.Tests.ValueControlTests`2.AddEvents() in C:\Projekte\Kistl\Tests\Kistl.Client.Tests\GUI\ValueControlTests.cs:Zeile 39.
--NullReferenceException
bei System.Web.Compilation.BuildManager.GetCacheKeyFromVirtualPath(VirtualPath virtualPath, Boolean& keyFromVPP)
bei System.Web.Compilation.BuildManager.GetVPathBuildResultFromCacheInternal(VirtualPath virtualPath)
bei System.Web.Compilation.BuildManager.GetVPathBuildResultInternal(VirtualPath virtualPath, Boolean noBuild, Boolean allowCrossApp, Boolean allowBuildInPrecompile)
bei System.Web.Compilation.BuildManager.GetVPathBuildResultWithNoAssert(HttpContext context, VirtualPath virtualPath, Boolean noBuild, Boolean allowCrossApp, Boolean allowBuildInPrecompile)
bei System.Web.UI.TemplateControl.LoadControl(VirtualPath virtualPath)
bei System.Web.UI.TemplateControl.LoadControl(String virtualPath)
bei Kistl.Client.ASPNET.Toolkit.BaseControlLoader`1..ctor() in C:\Projekte\Kistl\Kistl.Client.ASPNET.Toolkit\ControlLoader.cs:Zeile 27.
bei Kistl.Client.ASPNET.Toolkit.BasicPropertyControl`1..ctor()
bei Kistl.Client.ASPNET.Toolkit.IntPropertyControl..ctor()
]]></stack-trace>
                                    </failure>
                                  </test-case>
                                  <test-case name="Kistl.GUI.Renderer.ASPNET.Tests.IntControlTests.TestUserInput" executed="False">
                                    <reason>
                                      <message><![CDATA[]]></message>
                                    </reason>
                                  </test-case>
                                  <test-case name="Kistl.GUI.Renderer.ASPNET.Tests.IntControlTests.TestValueProgrammatically" executed="True" success="False" time="0.000" asserts="0">
                                    <failure>
                                      <message><![CDATA[System.Reflection.TargetInvocationException : Ein Aufrufziel hat einen Ausnahmefehler verursacht.
  ----> System.NullReferenceException : Der Objektverweis wurde nicht auf eine Objektinstanz festgelegt.]]></message>
                                      <stack-trace><![CDATA[bei System.RuntimeTypeHandle.CreateInstance(RuntimeType type, Boolean publicOnly, Boolean noCheck, Boolean& canBeCached, RuntimeMethodHandle& ctor, Boolean& bNeedSecurityCheck)
bei System.RuntimeType.CreateInstanceSlow(Boolean publicOnly, Boolean fillCache)
bei System.RuntimeType.CreateInstanceImpl(Boolean publicOnly, Boolean skipVisibilityChecks, Boolean fillCache)
bei System.Activator.CreateInstance(Type type, Boolean nonPublic)
bei System.Activator.CreateInstance(Type type)
bei Kistl.GUI.DB.KistlGUIContext.CreateControl(ControlInfo info) in C:\Projekte\Kistl\Kistl.Client\GUI.DB\KistlGUIContext.cs:Zeile 50.
bei Kistl.GUI.Mocks.ControlHarness`1.SetUp() in C:\Projekte\Kistl\Tests\Kistl.Client.Tests\Mocks\ControlHarness.cs:Zeile 29.
bei Kistl.GUI.Tests.BasicControlTests`1.SetUp() in C:\Projekte\Kistl\Tests\Kistl.Client.Tests\GUI\BasicControlTests.cs:Zeile 40.
bei Kistl.GUI.Tests.ValueControlTests`2.AddEvents() in C:\Projekte\Kistl\Tests\Kistl.Client.Tests\GUI\ValueControlTests.cs:Zeile 39.
--NullReferenceException
bei System.Web.Compilation.BuildManager.GetCacheKeyFromVirtualPath(VirtualPath virtualPath, Boolean& keyFromVPP)
bei System.Web.Compilation.BuildManager.GetVPathBuildResultFromCacheInternal(VirtualPath virtualPath)
bei System.Web.Compilation.BuildManager.GetVPathBuildResultInternal(VirtualPath virtualPath, Boolean noBuild, Boolean allowCrossApp, Boolean allowBuildInPrecompile)
bei System.Web.Compilation.BuildManager.GetVPathBuildResultWithNoAssert(HttpContext context, VirtualPath virtualPath, Boolean noBuild, Boolean allowCrossApp, Boolean allowBuildInPrecompile)
bei System.Web.UI.TemplateControl.LoadControl(VirtualPath virtualPath)
bei System.Web.UI.TemplateControl.LoadControl(String virtualPath)
bei Kistl.Client.ASPNET.Toolkit.BaseControlLoader`1..ctor() in C:\Projekte\Kistl\Kistl.Client.ASPNET.Toolkit\ControlLoader.cs:Zeile 27.
bei Kistl.Client.ASPNET.Toolkit.BasicPropertyControl`1..ctor()
bei Kistl.Client.ASPNET.Toolkit.IntPropertyControl..ctor()
]]></stack-trace>
                                    </failure>
                                  </test-case>
                                </results>
                              </test-suite>
                              <test-suite name="StringControlTests" success="False" time="0.016" asserts="2">
                                <results>
                                  <test-case name="Kistl.GUI.Renderer.ASPNET.Tests.StringControlTests.TestDescription" executed="True" success="False" time="0.016" asserts="0">
                                    <failure>
                                      <message><![CDATA[System.Reflection.TargetInvocationException : Ein Aufrufziel hat einen Ausnahmefehler verursacht.
  ----> System.NullReferenceException : Der Objektverweis wurde nicht auf eine Objektinstanz festgelegt.]]></message>
                                      <stack-trace><![CDATA[bei System.RuntimeTypeHandle.CreateInstance(RuntimeType type, Boolean publicOnly, Boolean noCheck, Boolean& canBeCached, RuntimeMethodHandle& ctor, Boolean& bNeedSecurityCheck)
bei System.RuntimeType.CreateInstanceSlow(Boolean publicOnly, Boolean fillCache)
bei System.RuntimeType.CreateInstanceImpl(Boolean publicOnly, Boolean skipVisibilityChecks, Boolean fillCache)
bei System.Activator.CreateInstance(Type type, Boolean nonPublic)
bei System.Activator.CreateInstance(Type type)
bei Kistl.GUI.DB.KistlGUIContext.CreateControl(ControlInfo info) in C:\Projekte\Kistl\Kistl.Client\GUI.DB\KistlGUIContext.cs:Zeile 50.
bei Kistl.GUI.Mocks.ControlHarness`1.SetUp() in C:\Projekte\Kistl\Tests\Kistl.Client.Tests\Mocks\ControlHarness.cs:Zeile 29.
bei Kistl.GUI.Tests.BasicControlTests`1.SetUp() in C:\Projekte\Kistl\Tests\Kistl.Client.Tests\GUI\BasicControlTests.cs:Zeile 40.
bei Kistl.GUI.Tests.ValueControlTests`2.AddEvents() in C:\Projekte\Kistl\Tests\Kistl.Client.Tests\GUI\ValueControlTests.cs:Zeile 39.
--NullReferenceException
bei System.Web.Compilation.BuildManager.GetCacheKeyFromVirtualPath(VirtualPath virtualPath, Boolean& keyFromVPP)
bei System.Web.Compilation.BuildManager.GetVPathBuildResultFromCacheInternal(VirtualPath virtualPath)
bei System.Web.Compilation.BuildManager.GetVPathBuildResultInternal(VirtualPath virtualPath, Boolean noBuild, Boolean allowCrossApp, Boolean allowBuildInPrecompile)
bei System.Web.Compilation.BuildManager.GetVPathBuildResultWithNoAssert(HttpContext context, VirtualPath virtualPath, Boolean noBuild, Boolean allowCrossApp, Boolean allowBuildInPrecompile)
bei System.Web.UI.TemplateControl.LoadControl(VirtualPath virtualPath)
bei System.Web.UI.TemplateControl.LoadControl(String virtualPath)
bei Kistl.Client.ASPNET.Toolkit.BaseControlLoader`1..ctor() in C:\Projekte\Kistl\Kistl.Client.ASPNET.Toolkit\ControlLoader.cs:Zeile 27.
bei Kistl.Client.ASPNET.Toolkit.BasicPropertyControl`1..ctor()
bei Kistl.Client.ASPNET.Toolkit.StringPropertyControl..ctor()
]]></stack-trace>
                                    </failure>
                                  </test-case>
                                  <test-case name="Kistl.GUI.Renderer.ASPNET.Tests.StringControlTests.TestFieldSize" executed="True" success="False" time="0.000" asserts="0">
                                    <failure>
                                      <message><![CDATA[System.Reflection.TargetInvocationException : Ein Aufrufziel hat einen Ausnahmefehler verursacht.
  ----> System.NullReferenceException : Der Objektverweis wurde nicht auf eine Objektinstanz festgelegt.]]></message>
                                      <stack-trace><![CDATA[bei System.RuntimeTypeHandle.CreateInstance(RuntimeType type, Boolean publicOnly, Boolean noCheck, Boolean& canBeCached, RuntimeMethodHandle& ctor, Boolean& bNeedSecurityCheck)
bei System.RuntimeType.CreateInstanceSlow(Boolean publicOnly, Boolean fillCache)
bei System.RuntimeType.CreateInstanceImpl(Boolean publicOnly, Boolean skipVisibilityChecks, Boolean fillCache)
bei System.Activator.CreateInstance(Type type, Boolean nonPublic)
bei System.Activator.CreateInstance(Type type)
bei Kistl.GUI.DB.KistlGUIContext.CreateControl(ControlInfo info) in C:\Projekte\Kistl\Kistl.Client\GUI.DB\KistlGUIContext.cs:Zeile 50.
bei Kistl.GUI.Mocks.ControlHarness`1.SetUp() in C:\Projekte\Kistl\Tests\Kistl.Client.Tests\Mocks\ControlHarness.cs:Zeile 29.
bei Kistl.GUI.Tests.BasicControlTests`1.SetUp() in C:\Projekte\Kistl\Tests\Kistl.Client.Tests\GUI\BasicControlTests.cs:Zeile 40.
bei Kistl.GUI.Tests.ValueControlTests`2.AddEvents() in C:\Projekte\Kistl\Tests\Kistl.Client.Tests\GUI\ValueControlTests.cs:Zeile 39.
--NullReferenceException
bei System.Web.Compilation.BuildManager.GetCacheKeyFromVirtualPath(VirtualPath virtualPath, Boolean& keyFromVPP)
bei System.Web.Compilation.BuildManager.GetVPathBuildResultFromCacheInternal(VirtualPath virtualPath)
bei System.Web.Compilation.BuildManager.GetVPathBuildResultInternal(VirtualPath virtualPath, Boolean noBuild, Boolean allowCrossApp, Boolean allowBuildInPrecompile)
bei System.Web.Compilation.BuildManager.GetVPathBuildResultWithNoAssert(HttpContext context, VirtualPath virtualPath, Boolean noBuild, Boolean allowCrossApp, Boolean allowBuildInPrecompile)
bei System.Web.UI.TemplateControl.LoadControl(VirtualPath virtualPath)
bei System.Web.UI.TemplateControl.LoadControl(String virtualPath)
bei Kistl.Client.ASPNET.Toolkit.BaseControlLoader`1..ctor() in C:\Projekte\Kistl\Kistl.Client.ASPNET.Toolkit\ControlLoader.cs:Zeile 27.
bei Kistl.Client.ASPNET.Toolkit.BasicPropertyControl`1..ctor()
bei Kistl.Client.ASPNET.Toolkit.StringPropertyControl..ctor()
]]></stack-trace>
                                    </failure>
                                  </test-case>
                                  <test-case name="Kistl.GUI.Renderer.ASPNET.Tests.StringControlTests.TestIsValidValue" executed="True" success="False" time="0.000" asserts="0">
                                    <failure>
                                      <message><![CDATA[System.Reflection.TargetInvocationException : Ein Aufrufziel hat einen Ausnahmefehler verursacht.
  ----> System.NullReferenceException : Der Objektverweis wurde nicht auf eine Objektinstanz festgelegt.]]></message>
                                      <stack-trace><![CDATA[bei System.RuntimeTypeHandle.CreateInstance(RuntimeType type, Boolean publicOnly, Boolean noCheck, Boolean& canBeCached, RuntimeMethodHandle& ctor, Boolean& bNeedSecurityCheck)
bei System.RuntimeType.CreateInstanceSlow(Boolean publicOnly, Boolean fillCache)
bei System.RuntimeType.CreateInstanceImpl(Boolean publicOnly, Boolean skipVisibilityChecks, Boolean fillCache)
bei System.Activator.CreateInstance(Type type, Boolean nonPublic)
bei System.Activator.CreateInstance(Type type)
bei Kistl.GUI.DB.KistlGUIContext.CreateControl(ControlInfo info) in C:\Projekte\Kistl\Kistl.Client\GUI.DB\KistlGUIContext.cs:Zeile 50.
bei Kistl.GUI.Mocks.ControlHarness`1.SetUp() in C:\Projekte\Kistl\Tests\Kistl.Client.Tests\Mocks\ControlHarness.cs:Zeile 29.
bei Kistl.GUI.Tests.BasicControlTests`1.SetUp() in C:\Projekte\Kistl\Tests\Kistl.Client.Tests\GUI\BasicControlTests.cs:Zeile 40.
bei Kistl.GUI.Tests.ValueControlTests`2.AddEvents() in C:\Projekte\Kistl\Tests\Kistl.Client.Tests\GUI\ValueControlTests.cs:Zeile 39.
--NullReferenceException
bei System.Web.Compilation.BuildManager.GetCacheKeyFromVirtualPath(VirtualPath virtualPath, Boolean& keyFromVPP)
bei System.Web.Compilation.BuildManager.GetVPathBuildResultFromCacheInternal(VirtualPath virtualPath)
bei System.Web.Compilation.BuildManager.GetVPathBuildResultInternal(VirtualPath virtualPath, Boolean noBuild, Boolean allowCrossApp, Boolean allowBuildInPrecompile)
bei System.Web.Compilation.BuildManager.GetVPathBuildResultWithNoAssert(HttpContext context, VirtualPath virtualPath, Boolean noBuild, Boolean allowCrossApp, Boolean allowBuildInPrecompile)
bei System.Web.UI.TemplateControl.LoadControl(VirtualPath virtualPath)
bei System.Web.UI.TemplateControl.LoadControl(String virtualPath)
bei Kistl.Client.ASPNET.Toolkit.BaseControlLoader`1..ctor() in C:\Projekte\Kistl\Kistl.Client.ASPNET.Toolkit\ControlLoader.cs:Zeile 27.
bei Kistl.Client.ASPNET.Toolkit.BasicPropertyControl`1..ctor()
bei Kistl.Client.ASPNET.Toolkit.StringPropertyControl..ctor()
]]></stack-trace>
                                    </failure>
                                  </test-case>
                                  <test-case name="Kistl.GUI.Renderer.ASPNET.Tests.StringControlTests.TestSetUpCorrect" executed="True" success="False" time="0.000" asserts="0">
                                    <failure>
                                      <message><![CDATA[System.Reflection.TargetInvocationException : Ein Aufrufziel hat einen Ausnahmefehler verursacht.
  ----> System.NullReferenceException : Der Objektverweis wurde nicht auf eine Objektinstanz festgelegt.]]></message>
                                      <stack-trace><![CDATA[bei System.RuntimeTypeHandle.CreateInstance(RuntimeType type, Boolean publicOnly, Boolean noCheck, Boolean& canBeCached, RuntimeMethodHandle& ctor, Boolean& bNeedSecurityCheck)
bei System.RuntimeType.CreateInstanceSlow(Boolean publicOnly, Boolean fillCache)
bei System.RuntimeType.CreateInstanceImpl(Boolean publicOnly, Boolean skipVisibilityChecks, Boolean fillCache)
bei System.Activator.CreateInstance(Type type, Boolean nonPublic)
bei System.Activator.CreateInstance(Type type)
bei Kistl.GUI.DB.KistlGUIContext.CreateControl(ControlInfo info) in C:\Projekte\Kistl\Kistl.Client\GUI.DB\KistlGUIContext.cs:Zeile 50.
bei Kistl.GUI.Mocks.ControlHarness`1.SetUp() in C:\Projekte\Kistl\Tests\Kistl.Client.Tests\Mocks\ControlHarness.cs:Zeile 29.
bei Kistl.GUI.Tests.BasicControlTests`1.SetUp() in C:\Projekte\Kistl\Tests\Kistl.Client.Tests\GUI\BasicControlTests.cs:Zeile 40.
bei Kistl.GUI.Tests.ValueControlTests`2.AddEvents() in C:\Projekte\Kistl\Tests\Kistl.Client.Tests\GUI\ValueControlTests.cs:Zeile 39.
--NullReferenceException
bei System.Web.Compilation.BuildManager.GetCacheKeyFromVirtualPath(VirtualPath virtualPath, Boolean& keyFromVPP)
bei System.Web.Compilation.BuildManager.GetVPathBuildResultFromCacheInternal(VirtualPath virtualPath)
bei System.Web.Compilation.BuildManager.GetVPathBuildResultInternal(VirtualPath virtualPath, Boolean noBuild, Boolean allowCrossApp, Boolean allowBuildInPrecompile)
[...]
                                </results>
                              </test-suite>
                              <test-suite name="ObjectReferenceControlTests" success="True" time="0.094" asserts="2">
                                <results>
                                  <test-case name="Kistl.GUI.Renderer.WPF.Tests.ObjectReferenceControlTests.TestComboboxProgrammatically" executed="True" success="True" time="0.016" asserts="21" />
                                  <test-case name="Kistl.GUI.Renderer.WPF.Tests.ObjectReferenceControlTests.TestComboboxUserInput" executed="True" success="True" time="0.000" asserts="21" />
                                  <test-case name="Kistl.GUI.Renderer.WPF.Tests.ObjectReferenceControlTests.TestDescription" executed="True" success="True" time="0.016" asserts="6" />
                                  <test-case name="Kistl.GUI.Renderer.WPF.Tests.ObjectReferenceControlTests.TestFieldSize" executed="True" success="True" time="0.000" asserts="12" />
                                  <test-case name="Kistl.GUI.Renderer.WPF.Tests.ObjectReferenceControlTests.TestIsValidValue" executed="True" success="True" time="0.000" asserts="16" />
                                  <test-case name="Kistl.GUI.Renderer.WPF.Tests.ObjectReferenceControlTests.TestItemsSource" executed="False">
                                    <reason>
                                      <message><![CDATA[unimplemented]]></message>
                                    </reason>
                                  </test-case>
                                  <test-case name="Kistl.GUI.Renderer.WPF.Tests.ObjectReferenceControlTests.TestObjectType" executed="True" success="True" time="0.016" asserts="8" />
                                  <test-case name="Kistl.GUI.Renderer.WPF.Tests.ObjectReferenceControlTests.TestSetUpCorrect" executed="True" success="True" time="0.000" asserts="6" />
                                  <test-case name="Kistl.GUI.Renderer.WPF.Tests.ObjectReferenceControlTests.TestShortLabel" executed="True" success="True" time="0.016" asserts="6" />
                                  <test-case name="Kistl.GUI.Renderer.WPF.Tests.ObjectReferenceControlTests.TestUserInput" executed="True" success="True" time="0.000" asserts="14" />
                                  <test-case name="Kistl.GUI.Renderer.WPF.Tests.ObjectReferenceControlTests.TestValueProgrammatically" executed="True" success="True" time="0.016" asserts="14" />
                                </results>
                              </test-suite>
                              <test-suite name="StringControlTests" success="True" time="0.125" asserts="2">
                                <results>
                                  <test-case name="Kistl.GUI.Renderer.WPF.Tests.StringControlTests.TestDescription" executed="True" success="True" time="0.063" asserts="5" />
                                  <test-case name="Kistl.GUI.Renderer.WPF.Tests.StringControlTests.TestFieldSize" executed="True" success="True" time="0.016" asserts="11" />
                                  <test-case name="Kistl.GUI.Renderer.WPF.Tests.StringControlTests.TestIsValidValue" executed="True" success="True" time="0.000" asserts="15" />
                                  <test-case name="Kistl.GUI.Renderer.WPF.Tests.StringControlTests.TestSetUpCorrect" executed="True" success="True" time="0.016" asserts="5" />
                                  <test-case name="Kistl.GUI.Renderer.WPF.Tests.StringControlTests.TestShortLabel" executed="True" success="True" time="0.000" asserts="5" />
                                  <test-case name="Kistl.GUI.Renderer.WPF.Tests.StringControlTests.TestUserInput" executed="True" success="True" time="0.000" asserts="35" />
                                  <test-case name="Kistl.GUI.Renderer.WPF.Tests.StringControlTests.TestValueProgrammatically" executed="True" success="True" time="0.000" asserts="35" />
                                </results>
                              </test-suite>
                            </results>
                          </test-suite>
                        </results>
                      </test-suite>
                    </results>
                  </test-suite>
                  <test-suite name="Tests" success="True" time="1.141" asserts="0">
                    <results>
                      <test-suite name="BackReferencePresenterTests" success="True" time="0.141" asserts="2">
                        <results>
                          <test-case name="Kistl.GUI.Tests.BackReferencePresenterTests.HandleInvalidUserInput" executed="True" success="True" time="0.094" asserts="18" />
                          <test-case name="Kistl.GUI.Tests.BackReferencePresenterTests.HandleNoUserInput" executed="True" success="True" time="0.016" asserts="10" />
                          <test-case name="Kistl.GUI.Tests.BackReferencePresenterTests.HandleNullUserInput" executed="True" success="True" time="0.000" asserts="17" />
                          <test-case name="Kistl.GUI.Tests.BackReferencePresenterTests.HandleProgrammaticChange" executed="True" success="True" time="0.000" asserts="78" />
                          <test-case name="Kistl.GUI.Tests.BackReferencePresenterTests.HandleValidUserInput" executed="True" success="True" time="0.016" asserts="78" />
                          <test-case name="Kistl.GUI.Tests.BackReferencePresenterTests.ReInit" executed="True" success="True" time="0.000" asserts="0" />
                          <test-case name="Kistl.GUI.Tests.BackReferencePresenterTests.TestPresenterSetUpCorrect" executed="True" success="True" time="0.000" asserts="11" />
                        </results>
                      </test-suite>
                      <test-suite name="BoolPresenterTests" success="True" time="0.109" asserts="2">
                        <results>
                          <test-case name="Kistl.GUI.Tests.BoolPresenterTests.HandleInvalidUserInput" executed="True" success="True" time="0.063" asserts="6" />
                          <test-case name="Kistl.GUI.Tests.BoolPresenterTests.HandleNoUserInput" executed="True" success="True" time="0.016" asserts="3" />
                          <test-case name="Kistl.GUI.Tests.BoolPresenterTests.HandleNullUserInput" executed="True" success="True" time="0.016" asserts="5" />
                          <test-case name="Kistl.GUI.Tests.BoolPresenterTests.HandleProgrammaticChange" executed="True" success="True" time="0.000" asserts="10" />
                          <test-case name="Kistl.GUI.Tests.BoolPresenterTests.HandleValidUserInput" executed="True" success="True" time="0.016" asserts="10" />
                          <test-case name="Kistl.GUI.Tests.BoolPresenterTests.ReInit" executed="True" success="True" time="0.000" asserts="0" />
                          <test-case name="Kistl.GUI.Tests.BoolPresenterTests.TestPresenterSetUpCorrect" executed="True" success="True" time="0.000" asserts="11" />
                        </results>
                      </test-suite>
                      <test-suite name="DateTimePresenterTests" success="True" time="0.094" asserts="2">
                        <results>
                          <test-case name="Kistl.GUI.Tests.DateTimePresenterTests.HandleInvalidUserInput" executed="True" success="True" time="0.031" asserts="6" />
                          <test-case name="Kistl.GUI.Tests.DateTimePresenterTests.HandleNoUserInput" executed="True" success="True" time="0.000" asserts="3" />
                          <test-case name="Kistl.GUI.Tests.DateTimePresenterTests.HandleNullUserInput" executed="True" success="True" time="0.047" asserts="5" />
                          <test-case name="Kistl.GUI.Tests.DateTimePresenterTests.HandleProgrammaticChange" executed="True" success="True" time="0.000" asserts="30" />
                          <test-case name="Kistl.GUI.Tests.DateTimePresenterTests.HandleValidUserInput" executed="True" success="True" time="0.000" asserts="30" />
                          <test-case name="Kistl.GUI.Tests.DateTimePresenterTests.ReInit" executed="True" success="True" time="0.000" asserts="0" />
                          <test-case name="Kistl.GUI.Tests.DateTimePresenterTests.TestPresenterSetUpCorrect" executed="True" success="True" time="0.000" asserts="11" />
                        </results>
                      </test-suite>
                      <test-suite name="DoublePresenterTests" success="True" time="0.063" asserts="2">
                        <results>
                          <test-case name="Kistl.GUI.Tests.DoublePresenterTests.HandleInvalidUserInput" executed="True" success="True" time="0.031" asserts="6" />
                          <test-case name="Kistl.GUI.Tests.DoublePresenterTests.HandleNoUserInput" executed="True" success="True" time="0.000" asserts="3" />
                          <test-case name="Kistl.GUI.Tests.DoublePresenterTests.HandleNullUserInput" executed="True" success="True" time="0.016" asserts="5" />
                          <test-case name="Kistl.GUI.Tests.DoublePresenterTests.HandleProgrammaticChange" executed="True" success="True" time="0.000" asserts="66" />
                          <test-case name="Kistl.GUI.Tests.DoublePresenterTests.HandleValidUserInput" executed="True" success="True" time="0.000" asserts="66" />
                          <test-case name="Kistl.GUI.Tests.DoublePresenterTests.ReInit" executed="True" success="True" time="0.000" asserts="0" />
                          <test-case name="Kistl.GUI.Tests.DoublePresenterTests.TestPresenterSetUpCorrect" executed="True" success="True" time="0.016" asserts="11" />
                        </results>
                      </test-suite>
                      <test-suite name="GuiDbTests" success="True" time="0.219" asserts="2">
                        <results>
                          <test-case name="Kistl.GUI.Tests.GuiDbTests.CreatePresenterFailNoInfo" executed="True" success="True" time="0.000" asserts="0" />
                          <test-case name="Kistl.GUI.Tests.GuiDbTests.CreatePresenterFailNoObject" executed="True" success="True" time="0.016" asserts="0" />
                          <test-case name="Kistl.GUI.Tests.GuiDbTests.CreatePresenterFailNoVisual" executed="True" success="True" time="0.000" asserts="0" />
                          <test-case name="Kistl.GUI.Tests.GuiDbTests.CreatePresenterFailNoWidget" executed="True" success="True" time="0.000" asserts="0" />
                          <test-case name="Kistl.GUI.Tests.GuiDbTests.FindControlFailNoVisualType" executed="True" success="True" time="0.000" asserts="0" />
                          <test-case name="Kistl.GUI.Tests.GuiDbTests.FindPresenterFailNoProperty" executed="True" success="True" time="0.000" asserts="0" />
                          <test-case name="Kistl.GUI.Tests.GuiDbTests.FindPresenterFailNoVisual" executed="True" success="True" time="0.125" asserts="0" />
                          <test-case name="Kistl.GUI.Tests.GuiDbTests.ReInit" executed="True" success="True" time="0.000" asserts="0" />
                          <test-case name="Kistl.GUI.Tests.GuiDbTests.TestCreateRenderer" executed="True" success="True" time="0.000" asserts="2" />
                          <test-case name="Kistl.GUI.Tests.GuiDbTests.TestFindControlByVisual" executed="True" success="True" time="0.000" asserts="2" />
                          <test-case name="Kistl.GUI.Tests.GuiDbTests.TestFindPresenter" executed="True" success="True" time="0.000" asserts="2" />
                          <test-case name="Kistl.GUI.Tests.GuiDbTests.TestPresenterSetUpCorrect" executed="True" success="True" time="0.016" asserts="11" />
                        </results>
                      </test-suite>
                      <test-suite name="IntPresenterTests" success="True" time="0.078" asserts="2">
                        <results>
                          <test-case name="Kistl.GUI.Tests.IntPresenterTests.HandleInvalidUserInput" executed="True" success="True" time="0.016" asserts="6" />
                          <test-case name="Kistl.GUI.Tests.IntPresenterTests.HandleNoUserInput" executed="True" success="True" time="0.000" asserts="3" />
                          <test-case name="Kistl.GUI.Tests.IntPresenterTests.HandleNullUserInput" executed="True" success="True" time="0.000" asserts="5" />
                          <test-case name="Kistl.GUI.Tests.IntPresenterTests.HandleProgrammaticChange" executed="True" success="True" time="0.000" asserts="70" />
                          <test-case name="Kistl.GUI.Tests.IntPresenterTests.HandleValidUserInput" executed="True" success="True" time="0.000" asserts="70" />
                          <test-case name="Kistl.GUI.Tests.IntPresenterTests.ReInit" executed="True" success="True" time="0.016" asserts="0" />
                          <test-case name="Kistl.GUI.Tests.IntPresenterTests.TestPresenterSetUpCorrect" executed="True" success="True" time="0.000" asserts="11" />
                        </results>
                      </test-suite>
                      <test-suite name="ObjectListPresenterTests" success="True" time="0.109" asserts="2">
                        <results>
                          <test-case name="Kistl.GUI.Tests.ObjectListPresenterTests.HandleInvalidUserInput" executed="True" success="True" time="0.016" asserts="18" />
                          <test-case name="Kistl.GUI.Tests.ObjectListPresenterTests.HandleNoUserInput" executed="True" success="True" time="0.000" asserts="10" />
                          <test-case name="Kistl.GUI.Tests.ObjectListPresenterTests.HandleNullUserInput" executed="True" success="True" time="0.000" asserts="17" />
                          <test-case name="Kistl.GUI.Tests.ObjectListPresenterTests.HandleProgrammaticChange" executed="True" success="True" time="0.016" asserts="78" />
                          <test-case name="Kistl.GUI.Tests.ObjectListPresenterTests.HandleValidUserInput" executed="True" success="True" time="0.000" asserts="78" />
                          <test-case name="Kistl.GUI.Tests.ObjectListPresenterTests.ReInit" executed="True" success="True" time="0.000" asserts="0" />
                          <test-case name="Kistl.GUI.Tests.ObjectListPresenterTests.TestPresenterSetUpCorrect" executed="True" success="True" time="0.078" asserts="11" />
                        </results>
                      </test-suite>
                      <test-suite name="ObjectReferencePresenterTests" success="True" time="0.078" asserts="2">
                        <results>
                          <test-case name="Kistl.GUI.Tests.ObjectReferencePresenterTests.HandleInvalidUserInput" executed="True" success="True" time="0.016" asserts="18" />
                          <test-case name="Kistl.GUI.Tests.ObjectReferencePresenterTests.HandleNoUserInput" executed="True" success="True" time="0.000" asserts="10" />
                          <test-case name="Kistl.GUI.Tests.ObjectReferencePresenterTests.HandleNullUserInput" executed="True" success="True" time="0.000" asserts="17" />
                          <test-case name="Kistl.GUI.Tests.ObjectReferencePresenterTests.HandleProgrammaticChange" executed="True" success="True" time="0.016" asserts="68" />
                          <test-case name="Kistl.GUI.Tests.ObjectReferencePresenterTests.HandleValidUserInput" executed="True" success="True" time="0.000" asserts="68" />
                          <test-case name="Kistl.GUI.Tests.ObjectReferencePresenterTests.ReInit" executed="True" success="True" time="0.000" asserts="0" />
                          <test-case name="Kistl.GUI.Tests.ObjectReferencePresenterTests.TestPresenterSetUpCorrect" executed="True" success="True" time="0.016" asserts="11" />
                        </results>
                      </test-suite>
                      <test-suite name="RendererTests" success="True" time="0.031" asserts="0">
                        <results>
                          <test-case name="Kistl.GUI.Tests.RendererTests.TestCreateControl" executed="True" success="True" time="0.016" asserts="3" />
                          <test-case name="Kistl.GUI.Tests.RendererTests.TestCreateObjectControl" executed="True" success="True" time="0.000" asserts="1" />
                        </results>
                      </test-suite>
                      <test-suite name="StringPresenterTests" success="True" time="0.063" asserts="2">
                        <results>
                          <test-case name="Kistl.GUI.Tests.StringPresenterTests.HandleInvalidUserInput" executed="True" success="True" time="0.016" asserts="6" />
                          <test-case name="Kistl.GUI.Tests.StringPresenterTests.HandleNoUserInput" executed="True" success="True" time="0.000" asserts="4" />
                          <test-case name="Kistl.GUI.Tests.StringPresenterTests.HandleNullUserInput" executed="True" success="True" time="0.000" asserts="5" />
                          <test-case name="Kistl.GUI.Tests.StringPresenterTests.HandleProgrammaticChange" executed="True" success="True" time="0.000" asserts="70" />
                          <test-case name="Kistl.GUI.Tests.StringPresenterTests.HandleValidUserInput" executed="True" success="True" time="0.000" asserts="70" />
                          <test-case name="Kistl.GUI.Tests.StringPresenterTests.ReInit" executed="True" success="True" time="0.000" asserts="0" />
                          <test-case name="Kistl.GUI.Tests.StringPresenterTests.TestPresenterSetUpCorrect" executed="True" success="True" time="0.000" asserts="11" />
                        </results>
                      </test-suite>
                      <test-suite name="TemplateTests" success="True" time="0.016" asserts="0">
                        <results>
                          <test-case name="Kistl.GUI.Tests.TemplateTests.TestDefaultsOther" executed="False">
                            <reason>
                              <message><![CDATA[unable to test at the moment, because ClientHelper.Objectclasses cannot be mocked]]></message>
                            </reason>
                          </test-case>
                          <test-case name="Kistl.GUI.Tests.TemplateTests.TestDefaultUnknownObjectType" executed="False">
                            <reason>
                              <message><![CDATA[unable to test at the moment, because ClientHelper.Objectclasses cannot be mocked]]></message>
                            </reason>
                          </test-case>
                          <test-case name="Kistl.GUI.Tests.TemplateTests.TestProperties" executed="True" success="True" time="0.016" asserts="5" />
                        </results>
                      </test-suite>
                      <test-suite name="VisualTests" success="True" time="0.109" asserts="0">
                        <results>
                          <test-case name="Kistl.GUI.Tests.VisualTests.TestDefaults" executed="True" success="True" time="0.063" asserts="9" />
                          <test-case name="Kistl.GUI.Tests.VisualTests.TestEnumeration" executed="True" success="True" time="0.000" asserts="1" />
                          <test-case name="Kistl.GUI.Tests.VisualTests.TestFailure" executed="True" success="True" time="0.000" asserts="1" />
                          <test-case name="Kistl.GUI.Tests.VisualTests.TestProperties" executed="True" success="True" time="0.000" asserts="5" />
                          <test-case name="Kistl.GUI.Tests.VisualTests.TestValueType" executed="True" success="True" time="0.000" asserts="1" />
                        </results>
                      </test-suite>
                    </results>
                  </test-suite>
                </results>
              </test-suite>
            </results>
          </test-suite>
        </results>
      </test-suite>
    </results>
  </test-suite>
</test-results>