<?xml version="1.0" encoding="utf-8" standalone="no"?>
<!--This file represents the results of running a test suite-->
<test-results name="E:\Projekte\Kistl\Tests\CompleteTests\CompleteTests.nunit" total="347" failures="292" not-run="0" date="2008-06-07" time="13:18:24">
  <environment nunit-version="2.4.7.0" clr-version="2.0.50727.1433" os-version="Microsoft Windows NT 6.0.6000.0" platform="Win32NT" cwd="E:\Projekte\Kistl\Tests\CompleteTests" machine-name="KISTL" user="david" user-domain="kistl" />
  <culture-info current-culture="de-AT" current-uiculture="de-DE" />
  <test-suite name="E:\Projekte\Kistl\Tests\CompleteTests\CompleteTests.nunit" success="False" time="1.371" asserts="0">
    <results>
      <test-suite name="E:\Projekte\Kistl\Tests\CompleteTests\bin\Debug\Kistl.API.Client.Tests.exe" success="True" time="0.793" asserts="0">
        <results>
          <test-suite name="Kistl" success="True" time="0.773" asserts="0">
            <results>
              <test-suite name="API" success="True" time="0.773" asserts="0">
                <results>
                  <test-suite name="Client" success="True" time="0.767" asserts="0">
                    <results>
                      <test-suite name="Tests" success="True" time="0.756" asserts="0">
                        <results>
                          <test-suite name="BaseClientDataObjectTests" success="True" time="0.058" asserts="0">
                            <results>
                              <test-case name="Kistl.API.Client.Tests.BaseClientDataObjectTests.AttachToContext" executed="True" success="True" time="0.020" asserts="4" />
                              <test-case name="Kistl.API.Client.Tests.BaseClientDataObjectTests.AttachToContext_New" executed="True" success="True" time="0.000" asserts="4" />
                              <test-case name="Kistl.API.Client.Tests.BaseClientDataObjectTests.AttachToContext_Twice" executed="True" success="True" time="0.000" asserts="4" />
                              <test-case name="Kistl.API.Client.Tests.BaseClientDataObjectTests.Clone" executed="True" success="True" time="0.001" asserts="2" />
                              <test-case name="Kistl.API.Client.Tests.BaseClientDataObjectTests.CopyTo" executed="True" success="True" time="0.002" asserts="2" />
                              <test-case name="Kistl.API.Client.Tests.BaseClientDataObjectTests.CopyTo_Null" executed="True" success="True" time="0.002" asserts="0" />
                              <test-case name="Kistl.API.Client.Tests.BaseClientDataObjectTests.DetachFromContext" executed="True" success="True" time="0.003" asserts="5" />
                              <test-case name="Kistl.API.Client.Tests.BaseClientDataObjectTests.DetachFromContext_NotAttached" executed="True" success="True" time="0.001" asserts="1" />
                              <test-case name="Kistl.API.Client.Tests.BaseClientDataObjectTests.EventAttached" executed="True" success="True" time="0.001" asserts="1" />
                              <test-case name="Kistl.API.Client.Tests.BaseClientDataObjectTests.FromStream_Null_StreamReader" executed="True" success="True" time="0.002" asserts="0" />
                              <test-case name="Kistl.API.Client.Tests.BaseClientDataObjectTests.FromStream_WrongType" executed="True" success="True" time="0.003" asserts="0" />
                              <test-case name="Kistl.API.Client.Tests.BaseClientDataObjectTests.NotifyChange" executed="True" success="True" time="0.000" asserts="1" />
                              <test-case name="Kistl.API.Client.Tests.BaseClientDataObjectTests.NotifyPropertyChanged_ing" executed="True" success="True" time="0.000" asserts="1" />
                              <test-case name="Kistl.API.Client.Tests.BaseClientDataObjectTests.ObjectState_CreatedObject" executed="True" success="True" time="0.000" asserts="1" />
                              <test-case name="Kistl.API.Client.Tests.BaseClientDataObjectTests.ObjectState_CreatedObject_Modified" executed="True" success="True" time="0.000" asserts="1" />
                              <test-case name="Kistl.API.Client.Tests.BaseClientDataObjectTests.ObjectState_New_then_UnModified" executed="True" success="True" time="0.000" asserts="2" />
                              <test-case name="Kistl.API.Client.Tests.BaseClientDataObjectTests.ObjectState_ObjectWithID" executed="True" success="True" time="0.000" asserts="1" />
                              <test-case name="Kistl.API.Client.Tests.BaseClientDataObjectTests.ObjectState_ObjectWithID_Modified" executed="True" success="True" time="0.000" asserts="1" />
                              <test-case name="Kistl.API.Client.Tests.BaseClientDataObjectTests.Stream" executed="True" success="True" time="0.002" asserts="5" />
                              <test-case name="Kistl.API.Client.Tests.BaseClientDataObjectTests.ToStream_Null" executed="True" success="True" time="0.001" asserts="0" />
                              <test-case name="Kistl.API.Client.Tests.BaseClientDataObjectTests.Type" executed="True" success="True" time="0.000" asserts="1" />
                            </results>
                          </test-suite>
                          <test-suite name="KistlContextTests" success="True" time="0.136" asserts="0">
                            <results>
                              <test-case name="Kistl.API.Client.Tests.KistlContextTests.Attach_IDataObject_Existing_Twice_But_Different" executed="True" success="True" time="0.005" asserts="3" />
                              <test-case name="Kistl.API.Client.Tests.KistlContextTests.Attach_IDataObject_New" executed="True" success="True" time="0.000" asserts="2" />
                              <test-case name="Kistl.API.Client.Tests.KistlContextTests.Attach_IDataObject_Null" executed="True" success="True" time="0.001" asserts="0" />
                              <test-case name="Kistl.API.Client.Tests.KistlContextTests.Attach_IDataObject_Twice" executed="True" success="True" time="0.001" asserts="2" />
                              <test-case name="Kistl.API.Client.Tests.KistlContextTests.Attach_IDataObject_Twice_Modified" executed="True" success="True" time="0.001" asserts="4" />
                              <test-case name="Kistl.API.Client.Tests.KistlContextTests.Create_ObjectType" executed="True" success="True" time="0.002" asserts="4" />
                              <test-case name="Kistl.API.Client.Tests.KistlContextTests.Create_T" executed="True" success="True" time="0.001" asserts="4" />
                              <test-case name="Kistl.API.Client.Tests.KistlContextTests.Create_T_Twice" executed="True" success="True" time="0.001" asserts="7" />
                              <test-case name="Kistl.API.Client.Tests.KistlContextTests.Create_Type" executed="True" success="True" time="0.001" asserts="4" />
                              <test-case name="Kistl.API.Client.Tests.KistlContextTests.Delete" executed="True" success="True" time="0.048" asserts="2" />
                              <test-case name="Kistl.API.Client.Tests.KistlContextTests.Delete_Not_Attached" executed="True" success="True" time="0.002" asserts="0" />
                              <test-case name="Kistl.API.Client.Tests.KistlContextTests.Delete_Null" executed="True" success="True" time="0.001" asserts="0" />
                              <test-case name="Kistl.API.Client.Tests.KistlContextTests.Delete_Wrong_Context" executed="True" success="True" time="0.001" asserts="0" />
                              <test-case name="Kistl.API.Client.Tests.KistlContextTests.Detach" executed="True" success="True" time="0.001" asserts="2" />
                              <test-case name="Kistl.API.Client.Tests.KistlContextTests.Detach_NotAttached" executed="True" success="True" time="0.001" asserts="0" />
                              <test-case name="Kistl.API.Client.Tests.KistlContextTests.Detach_Null" executed="True" success="True" time="0.001" asserts="0" />
                              <test-case name="Kistl.API.Client.Tests.KistlContextTests.Detach_Twice" executed="True" success="True" time="0.001" asserts="2" />
                              <test-case name="Kistl.API.Client.Tests.KistlContextTests.Find_ObjectType" executed="True" success="True" time="0.002" asserts="1" />
                              <test-case name="Kistl.API.Client.Tests.KistlContextTests.Find_T" executed="True" success="True" time="0.001" asserts="1" />
                              <test-case name="Kistl.API.Client.Tests.KistlContextTests.GetList" executed="True" success="True" time="0.013" asserts="17" />
                              <test-case name="Kistl.API.Client.Tests.KistlContextTests.GetList_GetListOf" executed="True" success="True" time="0.009" asserts="9" />
                              <test-case name="Kistl.API.Client.Tests.KistlContextTests.GetList_Twice" executed="True" success="True" time="0.003" asserts="19" />
                              <test-case name="Kistl.API.Client.Tests.KistlContextTests.GetListOf" executed="True" success="True" time="0.001" asserts="8" />
                              <test-case name="Kistl.API.Client.Tests.KistlContextTests.GetListOf_Twice" executed="True" success="True" time="0.002" asserts="10" />
                              <test-case name="Kistl.API.Client.Tests.KistlContextTests.GetObject" executed="True" success="True" time="0.001" asserts="4" />
                              <test-case name="Kistl.API.Client.Tests.KistlContextTests.GetObject_GetList" executed="True" success="True" time="0.002" asserts="7" />
                              <test-case name="Kistl.API.Client.Tests.KistlContextTests.GetObject_GetListOf" executed="True" success="True" time="0.002" asserts="7" />
                              <test-case name="Kistl.API.Client.Tests.KistlContextTests.GetObject_Twice" executed="True" success="True" time="0.001" asserts="5" />
                              <test-case name="Kistl.API.Client.Tests.KistlContextTests.GetQuery_ObjectType" executed="True" success="True" time="0.001" asserts="2" />
                              <test-case name="Kistl.API.Client.Tests.KistlContextTests.GetQuery_T" executed="True" success="True" time="0.001" asserts="2" />
                              <test-case name="Kistl.API.Client.Tests.KistlContextTests.SubmitChanges" executed="True" success="True" time="0.002" asserts="4" />
                              <test-case name="Kistl.API.Client.Tests.KistlContextTests.SubmitChanges_Delete" executed="True" success="True" time="0.001" asserts="5" />
                              <test-case name="Kistl.API.Client.Tests.KistlContextTests.SubmitChanges_New" executed="True" success="True" time="0.001" asserts="4" />
                              <test-case name="Kistl.API.Client.Tests.KistlContextTests.SubmitChanges_Nothing" executed="True" success="True" time="0.001" asserts="4" />
                            </results>
                          </test-suite>
                        </results>
                      </test-suite>
                    </results>
                  </test-suite>
                </results>
              </test-suite>
            </results>
          </test-suite>
        </results>
      </test-suite>
      <test-suite name="E:\Projekte\Kistl\Tests\CompleteTests\bin\Debug\Kistl.API.Server.Tests.exe" success="False" time="0.155" asserts="0">
        <results>
          <test-suite name="Kistl" success="False" time="0.148" asserts="0">
            <results>
              <test-suite name="API" success="False" time="0.142" asserts="0">
                <results>
                  <test-suite name="Server" success="False" time="0.135" asserts="0">
                    <results>
                      <test-suite name="Tests" success="False" time="0.133" asserts="0">
                        <failure>
                          <message><![CDATA[System.InvalidOperationException : Configuration already setuped]]></message>
                          <stack-trace><![CDATA[bei Kistl.API.Configuration.KistlConfig.Init(String file) in E:\Projekte\Kistl\Kistl.API\Configuration\KistlConfig.cs:Zeile 48.
bei Kistl.API.APIInit.Init(String configFile) in E:\Projekte\Kistl\Kistl.API\APIInit.cs:Zeile 32.
bei Kistl.API.Server.Tests.SetUp.Init() in E:\Projekte\Kistl\Tests\Kistl.API.Server.Tests\SetUp.cs:Zeile 20.
]]></stack-trace>
                        </failure>
                        <results>
                          <test-case name="Kistl.API.Server.Tests.BaseServerCollectionEntryTests.Clone" executed="True" success="False" time="0.000" asserts="0">
                            <failure>
                              <message><![CDATA[TestFixtureSetUp failed in SetUp]]></message>
                              <stack-trace />
                            </failure>
                          </test-case>
                          <test-case name="Kistl.API.Server.Tests.BaseServerCollectionEntryTests.CopyTo" executed="True" success="False" time="0.000" asserts="0">
                            <failure>
                              <message><![CDATA[TestFixtureSetUp failed in SetUp]]></message>
                              <stack-trace />
                            </failure>
                          </test-case>
                          <test-case name="Kistl.API.Server.Tests.BaseServerCollectionEntryTests.CopyTo_Null" executed="True" success="False" time="0.000" asserts="0">
                            <failure>
                              <message><![CDATA[TestFixtureSetUp failed in SetUp]]></message>
                              <stack-trace />
                            </failure>
                          </test-case>
                          <test-case name="Kistl.API.Server.Tests.BaseServerCollectionEntryTests.FromStream_Null_StreamReader" executed="True" success="False" time="0.000" asserts="0">
                            <failure>
                              <message><![CDATA[TestFixtureSetUp failed in SetUp]]></message>
                              <stack-trace />
                            </failure>
                          </test-case>
                          <test-case name="Kistl.API.Server.Tests.BaseServerCollectionEntryTests.NotifyPropertyChanged_ing" executed="True" success="False" time="0.000" asserts="0">
                            <failure>
                              <message><![CDATA[TestFixtureSetUp failed in SetUp]]></message>
                              <stack-trace />
                            </failure>
                          </test-case>
                          <test-case name="Kistl.API.Server.Tests.BaseServerCollectionEntryTests.Stream" executed="True" success="False" time="0.000" asserts="0">
                            <failure>
                              <message><![CDATA[TestFixtureSetUp failed in SetUp]]></message>
                              <stack-trace />
                            </failure>
                          </test-case>
                          <test-case name="Kistl.API.Server.Tests.BaseServerCollectionEntryTests.ToStream_Null" executed="True" success="False" time="0.000" asserts="0">
                            <failure>
                              <message><![CDATA[TestFixtureSetUp failed in SetUp]]></message>
                              <stack-trace />
                            </failure>
                          </test-case>
                          <test-suite name="Kistl.API.Server.Tests.BaseServerCollectionEntryTests" success="False" time="0.000" asserts="0">
                            <results />
                          </test-suite>
                          <test-case name="Kistl.API.Server.Tests.BaseServerDataObjectTests.AttachToContext" executed="True" success="False" time="0.000" asserts="0">
                            <failure>
                              <message><![CDATA[TestFixtureSetUp failed in SetUp]]></message>
                              <stack-trace />
                            </failure>
                          </test-case>
                          <test-case name="Kistl.API.Server.Tests.BaseServerDataObjectTests.Clone" executed="True" success="False" time="0.000" asserts="0">
                            <failure>
                              <message><![CDATA[TestFixtureSetUp failed in SetUp]]></message>
                              <stack-trace />
                            </failure>
                          </test-case>
                          <test-case name="Kistl.API.Server.Tests.BaseServerDataObjectTests.CopyTo" executed="True" success="False" time="0.000" asserts="0">
                            <failure>
                              <message><![CDATA[TestFixtureSetUp failed in SetUp]]></message>
                              <stack-trace />
                            </failure>
                          </test-case>
                          <test-case name="Kistl.API.Server.Tests.BaseServerDataObjectTests.CopyTo_Null" executed="True" success="False" time="0.000" asserts="0">
                            <failure>
                              <message><![CDATA[TestFixtureSetUp failed in SetUp]]></message>
                              <stack-trace />
                            </failure>
                          </test-case>
                          <test-case name="Kistl.API.Server.Tests.BaseServerDataObjectTests.DetachFromContext" executed="True" success="False" time="0.000" asserts="0">
                            <failure>
                              <message><![CDATA[TestFixtureSetUp failed in SetUp]]></message>
                              <stack-trace />
                            </failure>
                          </test-case>
                          <test-case name="Kistl.API.Server.Tests.BaseServerDataObjectTests.EventAttached" executed="True" success="False" time="0.000" asserts="0">
                            <failure>
                              <message><![CDATA[TestFixtureSetUp failed in SetUp]]></message>
                              <stack-trace />
                            </failure>
                          </test-case>
                          <test-case name="Kistl.API.Server.Tests.BaseServerDataObjectTests.FromStream_Null_StreamReader" executed="True" success="False" time="0.000" asserts="0">
                            <failure>
                              <message><![CDATA[TestFixtureSetUp failed in SetUp]]></message>
                              <stack-trace />
                            </failure>
                          </test-case>
                          <test-case name="Kistl.API.Server.Tests.BaseServerDataObjectTests.FromStream_WrongType" executed="True" success="False" time="0.000" asserts="0">
                            <failure>
                              <message><![CDATA[TestFixtureSetUp failed in SetUp]]></message>
                              <stack-trace />
                            </failure>
                          </test-case>
                          <test-case name="Kistl.API.Server.Tests.BaseServerDataObjectTests.NotifyChange" executed="True" success="False" time="0.000" asserts="0">
                            <failure>
                              <message><![CDATA[TestFixtureSetUp failed in SetUp]]></message>
                              <stack-trace />
                            </failure>
                          </test-case>
                          <test-case name="Kistl.API.Server.Tests.BaseServerDataObjectTests.NotifyPropertyChanged_ing" executed="True" success="False" time="0.000" asserts="0">
                            <failure>
                              <message><![CDATA[TestFixtureSetUp failed in SetUp]]></message>
                              <stack-trace />
                            </failure>
                          </test-case>
                          <test-case name="Kistl.API.Server.Tests.BaseServerDataObjectTests.ObjectState_CreatedObject" executed="True" success="False" time="0.000" asserts="0">
                            <failure>
                              <message><![CDATA[TestFixtureSetUp failed in SetUp]]></message>
                              <stack-trace />
                            </failure>
                          </test-case>
                          <test-case name="Kistl.API.Server.Tests.BaseServerDataObjectTests.ObjectState_CreatedObject_Modified" executed="True" success="False" time="0.000" asserts="0">
                            <failure>
                              <message><![CDATA[TestFixtureSetUp failed in SetUp]]></message>
                              <stack-trace />
                            </failure>
                          </test-case>
                          <test-case name="Kistl.API.Server.Tests.BaseServerDataObjectTests.ObjectState_New_then_UnModified" executed="True" success="False" time="0.000" asserts="0">
                            <failure>
                              <message><![CDATA[TestFixtureSetUp failed in SetUp]]></message>
                              <stack-trace />
                            </failure>
                          </test-case>
                          <test-case name="Kistl.API.Server.Tests.BaseServerDataObjectTests.ObjectState_ObjectWithID" executed="True" success="False" time="0.000" asserts="0">
                            <failure>
                              <message><![CDATA[TestFixtureSetUp failed in SetUp]]></message>
                              <stack-trace />
                            </failure>
                          </test-case>
                          <test-case name="Kistl.API.Server.Tests.BaseServerDataObjectTests.ObjectState_ObjectWithID_Modified" executed="True" success="False" time="0.000" asserts="0">
                            <failure>
                              <message><![CDATA[TestFixtureSetUp failed in SetUp]]></message>
                              <stack-trace />
                            </failure>
                          </test-case>
                          <test-case name="Kistl.API.Server.Tests.BaseServerDataObjectTests.Stream" executed="True" success="False" time="0.000" asserts="0">
                            <failure>
                              <message><![CDATA[TestFixtureSetUp failed in SetUp]]></message>
                              <stack-trace />
                            </failure>
                          </test-case>
                          <test-case name="Kistl.API.Server.Tests.BaseServerDataObjectTests.ToStream_Null" executed="True" success="False" time="0.000" asserts="0">
                            <failure>
                              <message><![CDATA[TestFixtureSetUp failed in SetUp]]></message>
                              <stack-trace />
                            </failure>
                          </test-case>
                          <test-case name="Kistl.API.Server.Tests.BaseServerDataObjectTests.Type" executed="True" success="False" time="0.000" asserts="0">
                            <failure>
                              <message><![CDATA[TestFixtureSetUp failed in SetUp]]></message>
                              <stack-trace />
                            </failure>
                          </test-case>
                          <test-suite name="Kistl.API.Server.Tests.BaseServerDataObjectTests" success="False" time="0.000" asserts="0">
                            <results />
                          </test-suite>
                          <test-case name="Kistl.API.Server.Tests.KistlDataContextTests.Attach_ICollectionEntry_Existing" executed="True" success="False" time="0.000" asserts="0">
                            <failure>
                              <message><![CDATA[TestFixtureSetUp failed in SetUp]]></message>
                              <stack-trace />
                            </failure>
                          </test-case>
                          <test-case name="Kistl.API.Server.Tests.KistlDataContextTests.Attach_ICollectionEntry_Existing_Twice" executed="True" success="False" time="0.000" asserts="0">
                            <failure>
                              <message><![CDATA[TestFixtureSetUp failed in SetUp]]></message>
                              <stack-trace />
                            </failure>
                          </test-case>
                          <test-case name="Kistl.API.Server.Tests.KistlDataContextTests.Attach_ICollectionEntry_Existing_Twice_But_Different" executed="True" success="False" time="0.000" asserts="0">
                            <failure>
                              <message><![CDATA[TestFixtureSetUp failed in SetUp]]></message>
                              <stack-trace />
                            </failure>
                          </test-case>
                          <test-case name="Kistl.API.Server.Tests.KistlDataContextTests.Attach_ICollectionEntry_New" executed="True" success="False" time="0.000" asserts="0">
                            <failure>
                              <message><![CDATA[TestFixtureSetUp failed in SetUp]]></message>
                              <stack-trace />
                            </failure>
                          </test-case>
                          <test-case name="Kistl.API.Server.Tests.KistlDataContextTests.Attach_IDataObject_Existing" executed="True" success="False" time="0.000" asserts="0">
                            <failure>
                              <message><![CDATA[TestFixtureSetUp failed in SetUp]]></message>
                              <stack-trace />
                            </failure>
                          </test-case>
                          <test-case name="Kistl.API.Server.Tests.KistlDataContextTests.Attach_IDataObject_Existing_Twice" executed="True" success="False" time="0.000" asserts="0">
                            <failure>
                              <message><![CDATA[TestFixtureSetUp failed in SetUp]]></message>
                              <stack-trace />
                            </failure>
                          </test-case>
                          <test-case name="Kistl.API.Server.Tests.KistlDataContextTests.Attach_IDataObject_Existing_Twice_But_Different" executed="True" success="False" time="0.000" asserts="0">
                            <failure>
                              <message><![CDATA[TestFixtureSetUp failed in SetUp]]></message>
                              <stack-trace />
                            </failure>
                          </test-case>
                          <test-case name="Kistl.API.Server.Tests.KistlDataContextTests.Attach_IDataObject_New" executed="True" success="False" time="0.000" asserts="0">
                            <failure>
                              <message><![CDATA[TestFixtureSetUp failed in SetUp]]></message>
                              <stack-trace />
                            </failure>
                          </test-case>
                          <test-case name="Kistl.API.Server.Tests.KistlDataContextTests.CleanUpSession" executed="True" success="False" time="0.000" asserts="0">
                            <failure>
                              <message><![CDATA[TestFixtureSetUp failed in SetUp]]></message>
                              <stack-trace />
                            </failure>
                          </test-case>
                          <test-case name="Kistl.API.Server.Tests.KistlDataContextTests.Create_Generic" executed="True" success="False" time="0.000" asserts="0">
                            <failure>
                              <message><![CDATA[TestFixtureSetUp failed in SetUp]]></message>
                              <stack-trace />
                            </failure>
                          </test-case>
                          <test-case name="Kistl.API.Server.Tests.KistlDataContextTests.Create_ObjectType" executed="True" success="False" time="0.000" asserts="0">
                            <failure>
                              <message><![CDATA[TestFixtureSetUp failed in SetUp]]></message>
                              <stack-trace />
                            </failure>
                          </test-case>
                          <test-case name="Kistl.API.Server.Tests.KistlDataContextTests.Create_Type" executed="True" success="False" time="0.000" asserts="0">
                            <failure>
                              <message><![CDATA[TestFixtureSetUp failed in SetUp]]></message>
                              <stack-trace />
                            </failure>
                          </test-case>
                          <test-case name="Kistl.API.Server.Tests.KistlDataContextTests.Delete_ICollectionEntry" executed="True" success="False" time="0.000" asserts="0">
                            <failure>
                              <message><![CDATA[TestFixtureSetUp failed in SetUp]]></message>
                              <stack-trace />
                            </failure>
                          </test-case>
                          <test-case name="Kistl.API.Server.Tests.KistlDataContextTests.Delete_IDataObject" executed="True" success="False" time="0.000" asserts="0">
                            <failure>
                              <message><![CDATA[TestFixtureSetUp failed in SetUp]]></message>
                              <stack-trace />
                            </failure>
                          </test-case>
                          <test-case name="Kistl.API.Server.Tests.KistlDataContextTests.Detach_ICollectionEntry" executed="True" success="False" time="0.000" asserts="0">
                            <failure>
                              <message><![CDATA[TestFixtureSetUp failed in SetUp]]></message>
                              <stack-trace />
                            </failure>
                          </test-case>
                          <test-case name="Kistl.API.Server.Tests.KistlDataContextTests.Detach_IDataObject" executed="True" success="False" time="0.000" asserts="0">
                            <failure>
                              <message><![CDATA[TestFixtureSetUp failed in SetUp]]></message>
                              <stack-trace />
                            </failure>
                          </test-case>
                          <test-case name="Kistl.API.Server.Tests.KistlDataContextTests.Detach_IDataObject_Failed" executed="True" success="False" time="0.000" asserts="0">
                            <failure>
                              <message><![CDATA[TestFixtureSetUp failed in SetUp]]></message>
                              <stack-trace />
                            </failure>
                          </test-case>
                          <test-case name="Kistl.API.Server.Tests.KistlDataContextTests.Find_ObjectType" executed="True" success="False" time="0.000" asserts="0">
                            <failure>
                              <message><![CDATA[TestFixtureSetUp failed in SetUp]]></message>
                              <stack-trace />
                            </failure>
                          </test-case>
                          <test-case name="Kistl.API.Server.Tests.KistlDataContextTests.Find_T" executed="True" success="False" time="0.000" asserts="0">
                            <failure>
                              <message><![CDATA[TestFixtureSetUp failed in SetUp]]></message>
                              <stack-trace />
                            </failure>
                          </test-case>
                          <test-case name="Kistl.API.Server.Tests.KistlDataContextTests.GetContext" executed="True" success="False" time="0.000" asserts="0">
                            <failure>
                              <message><![CDATA[TestFixtureSetUp failed in SetUp]]></message>
                              <stack-trace />
                            </failure>
                          </test-case>
                          <test-case name="Kistl.API.Server.Tests.KistlDataContextTests.GetListOf" executed="True" success="False" time="0.000" asserts="0">
                            <failure>
                              <message><![CDATA[TestFixtureSetUp failed in SetUp]]></message>
                              <stack-trace />
                            </failure>
                          </test-case>
                          <test-case name="Kistl.API.Server.Tests.KistlDataContextTests.GetListOf_ObjType" executed="True" success="False" time="0.000" asserts="0">
                            <failure>
                              <message><![CDATA[TestFixtureSetUp failed in SetUp]]></message>
                              <stack-trace />
                            </failure>
                          </test-case>
                          <test-case name="Kistl.API.Server.Tests.KistlDataContextTests.GetListOf_WrongPropertyName" executed="True" success="False" time="0.000" asserts="0">
                            <failure>
                              <message><![CDATA[TestFixtureSetUp failed in SetUp]]></message>
                              <stack-trace />
                            </failure>
                          </test-case>
                          <test-case name="Kistl.API.Server.Tests.KistlDataContextTests.GetQuery" executed="True" success="False" time="0.000" asserts="0">
                            <failure>
                              <message><![CDATA[TestFixtureSetUp failed in SetUp]]></message>
                              <stack-trace />
                            </failure>
                          </test-case>
                          <test-case name="Kistl.API.Server.Tests.KistlDataContextTests.GetQuery_ObjType" executed="True" success="False" time="0.000" asserts="0">
                            <failure>
                              <message><![CDATA[TestFixtureSetUp failed in SetUp]]></message>
                              <stack-trace />
                            </failure>
                          </test-case>
                          <test-case name="Kistl.API.Server.Tests.KistlDataContextTests.InitSession" executed="True" success="False" time="0.000" asserts="0">
                            <failure>
                              <message><![CDATA[TestFixtureSetUp failed in SetUp]]></message>
                              <stack-trace />
                            </failure>
                          </test-case>
                          <test-case name="Kistl.API.Server.Tests.KistlDataContextTests.InitSessionTwice" executed="True" success="False" time="0.000" asserts="0">
                            <failure>
                              <message><![CDATA[TestFixtureSetUp failed in SetUp]]></message>
                              <stack-trace />
                            </failure>
                          </test-case>
                          <test-case name="Kistl.API.Server.Tests.KistlDataContextTests.NoSession" executed="True" success="False" time="0.000" asserts="0">
                            <failure>
                              <message><![CDATA[TestFixtureSetUp failed in SetUp]]></message>
                              <stack-trace />
                            </failure>
                          </test-case>
                          <test-case name="Kistl.API.Server.Tests.KistlDataContextTests.SelectSomeData" executed="True" success="False" time="0.000" asserts="0">
                            <failure>
                              <message><![CDATA[TestFixtureSetUp failed in SetUp]]></message>
                              <stack-trace />
                            </failure>
                          </test-case>
                          <test-case name="Kistl.API.Server.Tests.KistlDataContextTests.SelectSomeData_Children" executed="True" success="False" time="0.000" asserts="0">
                            <failure>
                              <message><![CDATA[TestFixtureSetUp failed in SetUp]]></message>
                              <stack-trace />
                            </failure>
                          </test-case>
                          <test-case name="Kistl.API.Server.Tests.KistlDataContextTests.SelectSomeData_Collection" executed="True" success="False" time="0.000" asserts="0">
                            <failure>
                              <message><![CDATA[TestFixtureSetUp failed in SetUp]]></message>
                              <stack-trace />
                            </failure>
                          </test-case>
                          <test-case name="Kistl.API.Server.Tests.KistlDataContextTests.SelectSomeData_Parent" executed="True" success="False" time="0.000" asserts="0">
                            <failure>
                              <message><![CDATA[TestFixtureSetUp failed in SetUp]]></message>
                              <stack-trace />
                            </failure>
                          </test-case>
                          <test-case name="Kistl.API.Server.Tests.KistlDataContextTests.UpdateLists_SubmitChanges" executed="True" success="False" time="0.000" asserts="0">
                            <failure>
                              <message><![CDATA[TestFixtureSetUp failed in SetUp]]></message>
                              <stack-trace />
                            </failure>
                          </test-case>
                          <test-case name="Kistl.API.Server.Tests.KistlDataContextTests.UpdateSomeData_SubmitChanges" executed="True" success="False" time="0.000" asserts="0">
                            <failure>
                              <message><![CDATA[TestFixtureSetUp failed in SetUp]]></message>
                              <stack-trace />
                            </failure>
                          </test-case>
                          <test-suite name="Kistl.API.Server.Tests.KistlDataContextTests" success="False" time="0.000" asserts="0">
                            <results />
                          </test-suite>
                        </results>
                      </test-suite>
                    </results>
                  </test-suite>
                </results>
              </test-suite>
            </results>
          </test-suite>
        </results>
      </test-suite>
      <test-suite name="E:\Projekte\Kistl\Tests\CompleteTests\bin\Debug\Kistl.API.Tests.exe" success="False" time="0.156" asserts="0">
        <results>
          <test-suite name="Kistl" success="False" time="0.145" asserts="0">
            <results>
              <test-suite name="API" success="False" time="0.131" asserts="0">
                <results>
                  <test-suite name="Tests" success="False" time="0.129" asserts="0">
                    <failure>
                      <message><![CDATA[System.InvalidOperationException : Configuration already setuped]]></message>
                      <stack-trace><![CDATA[bei Kistl.API.Configuration.KistlConfig.Init(String file) in E:\Projekte\Kistl\Kistl.API\Configuration\KistlConfig.cs:Zeile 48.
bei Kistl.API.APIInit.Init(String configFile) in E:\Projekte\Kistl\Kistl.API\APIInit.cs:Zeile 32.
bei Kistl.API.Tests.SetUp.Init() in E:\Projekte\Kistl\Tests\Kistl.API.Tests\SetUp.cs:Zeile 20.
]]></stack-trace>
                    </failure>
                    <results>
                      <test-case name="Kistl.API.Tests.APIInitTest.SecondInitFail" executed="True" success="False" time="0.000" asserts="0">
                        <failure>
                          <message><![CDATA[TestFixtureSetUp failed in SetUp]]></message>
                          <stack-trace />
                        </failure>
                      </test-case>
                      <test-suite name="Kistl.API.Tests.APIInitTest" success="False" time="0.000" asserts="0">
                        <results />
                      </test-suite>
                      <test-case name="Kistl.API.Tests.AssemblyLoaderTests.AssemblyResolve" executed="True" success="False" time="0.000" asserts="0">
                        <failure>
                          <message><![CDATA[TestFixtureSetUp failed in SetUp]]></message>
                          <stack-trace />
                        </failure>
                      </test-case>
                      <test-case name="Kistl.API.Tests.AssemblyLoaderTests.Load" executed="True" success="False" time="0.000" asserts="0">
                        <failure>
                          <message><![CDATA[TestFixtureSetUp failed in SetUp]]></message>
                          <stack-trace />
                        </failure>
                      </test-case>
                      <test-case name="Kistl.API.Tests.AssemblyLoaderTests.ReflectionOnlyLoadFrom" executed="True" success="False" time="0.000" asserts="0">
                        <failure>
                          <message><![CDATA[TestFixtureSetUp failed in SetUp]]></message>
                          <stack-trace />
                        </failure>
                      </test-case>
                      <test-suite name="Kistl.API.Tests.AssemblyLoaderTests" success="False" time="0.000" asserts="0">
                        <results />
                      </test-suite>
                      <test-case name="Kistl.API.Tests.BinarySerializerTests.Bool" executed="True" success="False" time="0.000" asserts="0">
                        <failure>
                          <message><![CDATA[TestFixtureSetUp failed in SetUp]]></message>
                          <stack-trace />
                        </failure>
                      </test-case>
                      <test-case name="Kistl.API.Tests.BinarySerializerTests.BoolNull" executed="True" success="False" time="0.000" asserts="0">
                        <failure>
                          <message><![CDATA[TestFixtureSetUp failed in SetUp]]></message>
                          <stack-trace />
                        </failure>
                      </test-case>
                      <test-case name="Kistl.API.Tests.BinarySerializerTests.BoolNullValue" executed="True" success="False" time="0.000" asserts="0">
                        <failure>
                          <message><![CDATA[TestFixtureSetUp failed in SetUp]]></message>
                          <stack-trace />
                        </failure>
                      </test-case>
                      <test-case name="Kistl.API.Tests.BinarySerializerTests.DateTime" executed="True" success="False" time="0.000" asserts="0">
                        <failure>
                          <message><![CDATA[TestFixtureSetUp failed in SetUp]]></message>
                          <stack-trace />
                        </failure>
                      </test-case>
                      <test-case name="Kistl.API.Tests.BinarySerializerTests.DateTimeNull" executed="True" success="False" time="0.000" asserts="0">
                        <failure>
                          <message><![CDATA[TestFixtureSetUp failed in SetUp]]></message>
                          <stack-trace />
                        </failure>
                      </test-case>
                      <test-case name="Kistl.API.Tests.BinarySerializerTests.Double" executed="True" success="False" time="0.000" asserts="0">
                        <failure>
                          <message><![CDATA[TestFixtureSetUp failed in SetUp]]></message>
                          <stack-trace />
                        </failure>
                      </test-case>
                      <test-case name="Kistl.API.Tests.BinarySerializerTests.DoubleNull" executed="True" success="False" time="0.000" asserts="0">
                        <failure>
                          <message><![CDATA[TestFixtureSetUp failed in SetUp]]></message>
                          <stack-trace />
                        </failure>
                      </test-case>
                      <test-case name="Kistl.API.Tests.BinarySerializerTests.DoubleNullValue" executed="True" success="False" time="0.000" asserts="0">
                        <failure>
                          <message><![CDATA[TestFixtureSetUp failed in SetUp]]></message>
                          <stack-trace />
                        </failure>
                      </test-case>
                      <test-case name="Kistl.API.Tests.BinarySerializerTests.Enum" executed="True" success="False" time="0.000" asserts="0">
                        <failure>
                          <message><![CDATA[TestFixtureSetUp failed in SetUp]]></message>
                          <stack-trace />
                        </failure>
                      </test-case>
                      <test-case name="Kistl.API.Tests.BinarySerializerTests.Float" executed="True" success="False" time="0.000" asserts="0">
                        <failure>
                          <message><![CDATA[TestFixtureSetUp failed in SetUp]]></message>
                          <stack-trace />
                        </failure>
                      </test-case>
                      <test-case name="Kistl.API.Tests.BinarySerializerTests.FloatNull" executed="True" success="False" time="0.000" asserts="0">
                        <failure>
                          <message><![CDATA[TestFixtureSetUp failed in SetUp]]></message>
                          <stack-trace />
                        </failure>
                      </test-case>
                      <test-case name="Kistl.API.Tests.BinarySerializerTests.FloatNullValue" executed="True" success="False" time="0.000" asserts="0">
                        <failure>
                          <message><![CDATA[TestFixtureSetUp failed in SetUp]]></message>
                          <stack-trace />
                        </failure>
                      </test-case>
                      <test-case name="Kistl.API.Tests.BinarySerializerTests.ICollection_ICollectionEntry" executed="True" success="False" time="0.000" asserts="0">
                        <failure>
                          <message><![CDATA[TestFixtureSetUp failed in SetUp]]></message>
                          <stack-trace />
                        </failure>
                      </test-case>
                      <test-case name="Kistl.API.Tests.BinarySerializerTests.ICollection_ObservableCollection_ICollectionEntry" executed="True" success="False" time="0.000" asserts="0">
                        <failure>
                          <message><![CDATA[TestFixtureSetUp failed in SetUp]]></message>
                          <stack-trace />
                        </failure>
                      </test-case>
                      <test-case name="Kistl.API.Tests.BinarySerializerTests.IEnumerable_IDataObject" executed="True" success="False" time="0.000" asserts="0">
                        <failure>
                          <message><![CDATA[TestFixtureSetUp failed in SetUp]]></message>
                          <stack-trace />
                        </failure>
                      </test-case>
                      <test-case name="Kistl.API.Tests.BinarySerializerTests.Int" executed="True" success="False" time="0.000" asserts="0">
                        <failure>
                          <message><![CDATA[TestFixtureSetUp failed in SetUp]]></message>
                          <stack-trace />
                        </failure>
                      </test-case>
                      <test-case name="Kistl.API.Tests.BinarySerializerTests.IntNull" executed="True" success="False" time="0.000" asserts="0">
                        <failure>
                          <message><![CDATA[TestFixtureSetUp failed in SetUp]]></message>
                          <stack-trace />
                        </failure>
                      </test-case>
                      <test-case name="Kistl.API.Tests.BinarySerializerTests.IntNullValue" executed="True" success="False" time="0.000" asserts="0">
                        <failure>
                          <message><![CDATA[TestFixtureSetUp failed in SetUp]]></message>
                          <stack-trace />
                        </failure>
                      </test-case>
                      <test-case name="Kistl.API.Tests.BinarySerializerTests.ObjectType" executed="True" success="False" time="0.000" asserts="0">
                        <failure>
                          <message><![CDATA[TestFixtureSetUp failed in SetUp]]></message>
                          <stack-trace />
                        </failure>
                      </test-case>
                      <test-case name="Kistl.API.Tests.BinarySerializerTests.ObjectTypeNull" executed="True" success="False" time="0.000" asserts="0">
                        <failure>
                          <message><![CDATA[TestFixtureSetUp failed in SetUp]]></message>
                          <stack-trace />
                        </failure>
                      </test-case>
                      <test-case name="Kistl.API.Tests.BinarySerializerTests.SerializableExpression" executed="True" success="False" time="0.000" asserts="0">
                        <failure>
                          <message><![CDATA[TestFixtureSetUp failed in SetUp]]></message>
                          <stack-trace />
                        </failure>
                      </test-case>
                      <test-case name="Kistl.API.Tests.BinarySerializerTests.String" executed="True" success="False" time="0.000" asserts="0">
                        <failure>
                          <message><![CDATA[TestFixtureSetUp failed in SetUp]]></message>
                          <stack-trace />
                        </failure>
                      </test-case>
                      <test-case name="Kistl.API.Tests.BinarySerializerTests.StringNull" executed="True" success="False" time="0.000" asserts="0">
                        <failure>
                          <message><![CDATA[TestFixtureSetUp failed in SetUp]]></message>
                          <stack-trace />
                        </failure>
                      </test-case>
                      <test-suite name="Kistl.API.Tests.BinarySerializerTests" success="False" time="0.000" asserts="0">
                        <results />
                      </test-suite>
                      <test-case name="Kistl.API.Tests.CustomActionsManagerFactoryTests.Init_Fail" executed="True" success="False" time="0.000" asserts="0">
                        <failure>
                          <message><![CDATA[TestFixtureSetUp failed in SetUp]]></message>
                          <stack-trace />
                        </failure>
                      </test-case>
                      <test-suite name="Kistl.API.Tests.CustomActionsManagerFactoryTests" success="False" time="0.000" asserts="0">
                        <results />
                      </test-suite>
                      <test-case name="Kistl.API.Tests.ExpressionFilterTest.IllegalExpression" executed="True" success="False" time="0.000" asserts="0">
                        <failure>
                          <message><![CDATA[TestFixtureSetUp failed in SetUp]]></message>
                          <stack-trace />
                        </failure>
                      </test-case>
                      <test-case name="Kistl.API.Tests.ExpressionFilterTest.IllegalExpressionClass_UnknownToString" executed="True" success="False" time="0.000" asserts="0">
                        <failure>
                          <message><![CDATA[TestFixtureSetUp failed in SetUp]]></message>
                          <stack-trace />
                        </failure>
                      </test-case>
                      <test-case name="Kistl.API.Tests.ExpressionFilterTest.LegalExpression" executed="True" success="False" time="0.000" asserts="0">
                        <failure>
                          <message><![CDATA[TestFixtureSetUp failed in SetUp]]></message>
                          <stack-trace />
                        </failure>
                      </test-case>
                      <test-suite name="Kistl.API.Tests.ExpressionFilterTest" success="False" time="0.000" asserts="0">
                        <results />
                      </test-suite>
                      <test-case name="Kistl.API.Tests.ExpressionTreeVisitorTests.Visit" executed="True" success="False" time="0.000" asserts="0">
                        <failure>
                          <message><![CDATA[TestFixtureSetUp failed in SetUp]]></message>
                          <stack-trace />
                        </failure>
                      </test-case>
                      <test-suite name="Kistl.API.Tests.ExpressionTreeVisitorTests" success="False" time="0.000" asserts="0">
                        <results />
                      </test-suite>
                      <test-case name="Kistl.API.Tests.ExtensionHelpersTest.Clone_List" executed="True" success="False" time="0.000" asserts="0">
                        <failure>
                          <message><![CDATA[TestFixtureSetUp failed in SetUp]]></message>
                          <stack-trace />
                        </failure>
                      </test-case>
                      <test-case name="Kistl.API.Tests.ExtensionHelpersTest.Clone_NotifyingObservableCollection" executed="True" success="False" time="0.000" asserts="0">
                        <failure>
                          <message><![CDATA[TestFixtureSetUp failed in SetUp]]></message>
                          <stack-trace />
                        </failure>
                      </test-case>
                      <test-case name="Kistl.API.Tests.ExtensionHelpersTest.Clone_ObservableCollection" executed="True" success="False" time="0.000" asserts="0">
                        <failure>
                          <message><![CDATA[TestFixtureSetUp failed in SetUp]]></message>
                          <stack-trace />
                        </failure>
                      </test-case>
                      <test-case name="Kistl.API.Tests.ExtensionHelpersTest.ForEach_IEnumerable" executed="True" success="False" time="0.000" asserts="0">
                        <failure>
                          <message><![CDATA[TestFixtureSetUp failed in SetUp]]></message>
                          <stack-trace />
                        </failure>
                      </test-case>
                      <test-case name="Kistl.API.Tests.ExtensionHelpersTest.ForEach_ObservableCollection" executed="True" success="False" time="0.000" asserts="0">
                        <failure>
                          <message><![CDATA[TestFixtureSetUp failed in SetUp]]></message>
                          <stack-trace />
                        </failure>
                      </test-case>
                      <test-case name="Kistl.API.Tests.ExtensionHelpersTest.GetPropertyValue" executed="True" success="False" time="0.000" asserts="0">
                        <failure>
                          <message><![CDATA[TestFixtureSetUp failed in SetUp]]></message>
                          <stack-trace />
                        </failure>
                      </test-case>
                      <test-case name="Kistl.API.Tests.ExtensionHelpersTest.GetPropertyValue_InvalidPropertyName" executed="True" success="False" time="0.000" asserts="0">
                        <failure>
                          <message><![CDATA[TestFixtureSetUp failed in SetUp]]></message>
                          <stack-trace />
                        </failure>
                      </test-case>
                      <test-case name="Kistl.API.Tests.ExtensionHelpersTest.In" executed="True" success="False" time="0.000" asserts="0">
                        <failure>
                          <message><![CDATA[TestFixtureSetUp failed in SetUp]]></message>
                          <stack-trace />
                        </failure>
                      </test-case>
                      <test-case name="Kistl.API.Tests.ExtensionHelpersTest.InFalse" executed="True" success="False" time="0.000" asserts="0">
                        <failure>
                          <message><![CDATA[TestFixtureSetUp failed in SetUp]]></message>
                          <stack-trace />
                        </failure>
                      </test-case>
                      <test-case name="Kistl.API.Tests.ExtensionHelpersTest.SetPropertyValue" executed="True" success="False" time="0.000" asserts="0">
                        <failure>
                          <message><![CDATA[TestFixtureSetUp failed in SetUp]]></message>
                          <stack-trace />
                        </failure>
                      </test-case>
                      <test-case name="Kistl.API.Tests.ExtensionHelpersTest.SetPropertyValue_InvalidPropertyName" executed="True" success="False" time="0.000" asserts="0">
                        <failure>
                          <message><![CDATA[TestFixtureSetUp failed in SetUp]]></message>
                          <stack-trace />
                        </failure>
                      </test-case>
                      <test-case name="Kistl.API.Tests.ExtensionHelpersTest.XmlString" executed="True" success="False" time="0.000" asserts="0">
                        <failure>
                          <message><![CDATA[TestFixtureSetUp failed in SetUp]]></message>
                          <stack-trace />
                        </failure>
                      </test-case>
                      <test-suite name="Kistl.API.Tests.ExtensionHelpersTest" success="False" time="0.000" asserts="0">
                        <results />
                      </test-suite>
                      <test-case name="Kistl.API.Tests.KistlConfigTests.Current" executed="True" success="False" time="0.000" asserts="0">
                        <failure>
                          <message><![CDATA[TestFixtureSetUp failed in SetUp]]></message>
                          <stack-trace />
                        </failure>
                      </test-case>
                      <test-case name="Kistl.API.Tests.KistlConfigTests.FromStream" executed="True" success="False" time="0.000" asserts="0">
                        <failure>
                          <message><![CDATA[TestFixtureSetUp failed in SetUp]]></message>
                          <stack-trace />
                        </failure>
                      </test-case>
                      <test-case name="Kistl.API.Tests.KistlConfigTests.FromTextReader" executed="True" success="False" time="0.000" asserts="0">
                        <failure>
                          <message><![CDATA[TestFixtureSetUp failed in SetUp]]></message>
                          <stack-trace />
                        </failure>
                      </test-case>
                      <test-case name="Kistl.API.Tests.KistlConfigTests.ToFile" executed="True" success="False" time="0.000" asserts="0">
                        <failure>
                          <message><![CDATA[TestFixtureSetUp failed in SetUp]]></message>
                          <stack-trace />
                        </failure>
                      </test-case>
                      <test-case name="Kistl.API.Tests.KistlConfigTests.ToStream" executed="True" success="False" time="0.000" asserts="0">
                        <failure>
                          <message><![CDATA[TestFixtureSetUp failed in SetUp]]></message>
                          <stack-trace />
                        </failure>
                      </test-case>
                      <test-suite name="Kistl.API.Tests.KistlConfigTests" success="False" time="0.000" asserts="0">
                        <results />
                      </test-suite>
                      <test-case name="Kistl.API.Tests.KistlServiceStreamsMessageTests.Stream" executed="True" success="False" time="0.000" asserts="0">
                        <failure>
                          <message><![CDATA[TestFixtureSetUp failed in SetUp]]></message>
                          <stack-trace />
                        </failure>
                      </test-case>
                      <test-suite name="Kistl.API.Tests.KistlServiceStreamsMessageTests" success="False" time="0.000" asserts="0">
                        <results />
                      </test-suite>
                      <test-case name="Kistl.API.Tests.LinqExtensionsTests.AddEqualityCondition" executed="True" success="False" time="0.000" asserts="0">
                        <failure>
                          <message><![CDATA[TestFixtureSetUp failed in SetUp]]></message>
                          <stack-trace />
                        </failure>
                      </test-case>
                      <test-case name="Kistl.API.Tests.LinqExtensionsTests.AddEqualityCondition_InvalidProperty" executed="True" success="False" time="0.000" asserts="0">
                        <failure>
                          <message><![CDATA[TestFixtureSetUp failed in SetUp]]></message>
                          <stack-trace />
                        </failure>
                      </test-case>
                      <test-case name="Kistl.API.Tests.LinqExtensionsTests.AddEqualityCondition_InvalidType" executed="True" success="False" time="0.000" asserts="0">
                        <failure>
                          <message><![CDATA[TestFixtureSetUp failed in SetUp]]></message>
                          <stack-trace />
                        </failure>
                      </test-case>
                      <test-case name="Kistl.API.Tests.LinqExtensionsTests.AddFilter" executed="True" success="False" time="0.000" asserts="0">
                        <failure>
                          <message><![CDATA[TestFixtureSetUp failed in SetUp]]></message>
                          <stack-trace />
                        </failure>
                      </test-case>
                      <test-case name="Kistl.API.Tests.LinqExtensionsTests.AddFilter_IllegalExpression" executed="True" success="False" time="0.000" asserts="0">
                        <failure>
                          <message><![CDATA[TestFixtureSetUp failed in SetUp]]></message>
                          <stack-trace />
                        </failure>
                      </test-case>
                      <test-case name="Kistl.API.Tests.LinqExtensionsTests.AddOrderBy" executed="True" success="False" time="0.000" asserts="0">
                        <failure>
                          <message><![CDATA[TestFixtureSetUp failed in SetUp]]></message>
                          <stack-trace />
                        </failure>
                      </test-case>
                      <test-case name="Kistl.API.Tests.LinqExtensionsTests.AddOrderBy_WithQuote" executed="True" success="False" time="0.000" asserts="0">
                        <failure>
                          <message><![CDATA[TestFixtureSetUp failed in SetUp]]></message>
                          <stack-trace />
                        </failure>
                      </test-case>
                      <test-case name="Kistl.API.Tests.LinqExtensionsTests.GetExpressionValue_Constant" executed="True" success="False" time="0.000" asserts="0">
                        <failure>
                          <message><![CDATA[TestFixtureSetUp failed in SetUp]]></message>
                          <stack-trace />
                        </failure>
                      </test-case>
                      <test-case name="Kistl.API.Tests.LinqExtensionsTests.GetExpressionValue_LambdaExpression" executed="True" success="False" time="0.000" asserts="0">
                        <failure>
                          <message><![CDATA[TestFixtureSetUp failed in SetUp]]></message>
                          <stack-trace />
                        </failure>
                      </test-case>
                      <test-case name="Kistl.API.Tests.LinqExtensionsTests.GetExpressionValue_MemberExpression_Field" executed="True" success="False" time="0.000" asserts="0">
                        <failure>
                          <message><![CDATA[TestFixtureSetUp failed in SetUp]]></message>
                          <stack-trace />
                        </failure>
                      </test-case>
                      <test-case name="Kistl.API.Tests.LinqExtensionsTests.GetExpressionValue_MemberExpression_Property" executed="True" success="False" time="0.000" asserts="0">
                        <failure>
                          <message><![CDATA[TestFixtureSetUp failed in SetUp]]></message>
                          <stack-trace />
                        </failure>
                      </test-case>
                      <test-suite name="Kistl.API.Tests.LinqExtensionsTests" success="False" time="0.000" asserts="0">
                        <results />
                      </test-suite>
                      <test-case name="Kistl.API.Tests.NotifyingObservableCollectionTests.Event" executed="True" success="False" time="0.000" asserts="0">
                        <failure>
                          <message><![CDATA[TestFixtureSetUp failed in SetUp]]></message>
                          <stack-trace />
                        </failure>
                      </test-case>
                      <test-case name="Kistl.API.Tests.NotifyingObservableCollectionTests.List" executed="True" success="False" time="0.000" asserts="0">
                        <failure>
                          <message><![CDATA[TestFixtureSetUp failed in SetUp]]></message>
                          <stack-trace />
                        </failure>
                      </test-case>
                      <test-case name="Kistl.API.Tests.NotifyingObservableCollectionTests.SetItem" executed="True" success="False" time="0.000" asserts="0">
                        <failure>
                          <message><![CDATA[TestFixtureSetUp failed in SetUp]]></message>
                          <stack-trace />
                        </failure>
                      </test-case>
                      <test-suite name="Kistl.API.Tests.NotifyingObservableCollectionTests" success="False" time="0.000" asserts="0">
                        <results />
                      </test-suite>
                      <test-case name="Kistl.API.Tests.ObjectTypeTests.Constructor_Empty" executed="True" success="False" time="0.000" asserts="0">
                        <failure>
                          <message><![CDATA[TestFixtureSetUp failed in SetUp]]></message>
                          <stack-trace />
                        </failure>
                      </test-case>
                      <test-case name="Kistl.API.Tests.ObjectTypeTests.Constructor_IDataObject" executed="True" success="False" time="0.000" asserts="0">
                        <failure>
                          <message><![CDATA[TestFixtureSetUp failed in SetUp]]></message>
                          <stack-trace />
                        </failure>
                      </test-case>
                      <test-case name="Kistl.API.Tests.ObjectTypeTests.Constructor_Namespace_Classname" executed="True" success="False" time="0.000" asserts="0">
                        <failure>
                          <message><![CDATA[TestFixtureSetUp failed in SetUp]]></message>
                          <stack-trace />
                        </failure>
                      </test-case>
                      <test-case name="Kistl.API.Tests.ObjectTypeTests.Constructor_String" executed="True" success="False" time="0.000" asserts="0">
                        <failure>
                          <message><![CDATA[TestFixtureSetUp failed in SetUp]]></message>
                          <stack-trace />
                        </failure>
                      </test-case>
                      <test-case name="Kistl.API.Tests.ObjectTypeTests.Constructor_Type" executed="True" success="False" time="0.000" asserts="0">
                        <failure>
                          <message><![CDATA[TestFixtureSetUp failed in SetUp]]></message>
                          <stack-trace />
                        </failure>
                      </test-case>
                      <test-case name="Kistl.API.Tests.ObjectTypeTests.HashCode" executed="True" success="False" time="0.000" asserts="0">
                        <failure>
                          <message><![CDATA[TestFixtureSetUp failed in SetUp]]></message>
                          <stack-trace />
                        </failure>
                      </test-case>
                      <test-case name="Kistl.API.Tests.ObjectTypeTests.InitAssembly" executed="True" success="False" time="0.000" asserts="0">
                        <failure>
                          <message><![CDATA[TestFixtureSetUp failed in SetUp]]></message>
                          <stack-trace />
                        </failure>
                      </test-case>
                      <test-case name="Kistl.API.Tests.ObjectTypeTests.InitFail" executed="True" success="False" time="0.000" asserts="0">
                        <failure>
                          <message><![CDATA[TestFixtureSetUp failed in SetUp]]></message>
                          <stack-trace />
                        </failure>
                      </test-case>
                      <test-case name="Kistl.API.Tests.ObjectTypeTests.InitString" executed="True" success="False" time="0.000" asserts="0">
                        <failure>
                          <message><![CDATA[TestFixtureSetUp failed in SetUp]]></message>
                          <stack-trace />
                        </failure>
                      </test-case>
                      <test-case name="Kistl.API.Tests.ObjectTypeTests.NewDataObject" executed="True" success="False" time="0.000" asserts="0">
                        <failure>
                          <message><![CDATA[TestFixtureSetUp failed in SetUp]]></message>
                          <stack-trace />
                        </failure>
                      </test-case>
                      <test-case name="Kistl.API.Tests.ObjectTypeTests.NewDataObject_Empty" executed="True" success="False" time="0.000" asserts="0">
                        <failure>
                          <message><![CDATA[TestFixtureSetUp failed in SetUp]]></message>
                          <stack-trace />
                        </failure>
                      </test-case>
                      <test-case name="Kistl.API.Tests.ObjectTypeTests.NewDataObject_TypeNotFound" executed="True" success="False" time="0.000" asserts="0">
                        <failure>
                          <message><![CDATA[TestFixtureSetUp failed in SetUp]]></message>
                          <stack-trace />
                        </failure>
                      </test-case>
                      <test-case name="Kistl.API.Tests.ObjectTypeTests.NewDataObject_TypeNotIDataObject" executed="True" success="False" time="0.000" asserts="0">
                        <failure>
                          <message><![CDATA[TestFixtureSetUp failed in SetUp]]></message>
                          <stack-trace />
                        </failure>
                      </test-case>
                      <test-suite name="Kistl.API.Tests.ObjectTypeTests" success="False" time="0.000" asserts="0">
                        <results />
                      </test-suite>
                      <test-case name="Kistl.API.Tests.SerializableExpressionTests.FromExpression_Null" executed="True" success="False" time="0.000" asserts="0">
                        <failure>
                          <message><![CDATA[TestFixtureSetUp failed in SetUp]]></message>
                          <stack-trace />
                        </failure>
                      </test-case>
                      <test-case name="Kistl.API.Tests.SerializableExpressionTests.SerializableType_InvalidType" executed="True" success="False" time="0.000" asserts="0">
                        <failure>
                          <message><![CDATA[TestFixtureSetUp failed in SetUp]]></message>
                          <stack-trace />
                        </failure>
                      </test-case>
                      <test-case name="Kistl.API.Tests.SerializableExpressionTests.SerializableType_InvalidType_Generic" executed="True" success="False" time="0.000" asserts="0">
                        <failure>
                          <message><![CDATA[TestFixtureSetUp failed in SetUp]]></message>
                          <stack-trace />
                        </failure>
                      </test-case>
                      <test-case name="Kistl.API.Tests.SerializableExpressionTests.SerializableType_Valid" executed="True" success="False" time="0.000" asserts="0">
                        <failure>
                          <message><![CDATA[TestFixtureSetUp failed in SetUp]]></message>
                          <stack-trace />
                        </failure>
                      </test-case>
                      <test-suite name="Kistl.API.Tests.SerializableExpressionTests" success="False" time="0.000" asserts="0">
                        <results />
                      </test-suite>
                    </results>
                  </test-suite>
                </results>
              </test-suite>
            </results>
          </test-suite>
        </results>
      </test-suite>
      <test-suite name="E:\Projekte\Kistl\Tests\CompleteTests\bin\Debug\Kistl.Client.Tests.exe" success="False" time="0.211" asserts="0">
        <failure>
          <message><![CDATA[System.InvalidOperationException : Configuration already setuped]]></message>
          <stack-trace><![CDATA[bei Kistl.API.Configuration.KistlConfig.Init(String file) in E:\Projekte\Kistl\Kistl.API\Configuration\KistlConfig.cs:Zeile 48.
bei Kistl.API.APIInit.Init(String configFile) in E:\Projekte\Kistl\Kistl.API\APIInit.cs:Zeile 32.
bei SetUp.Init() in E:\Projekte\Kistl\Tests\Kistl.Client.Tests\SetUp.cs:Zeile 23.
]]></stack-trace>
        </failure>
        <results>
          <test-case name="Kistl.GUI.Integration.WPF.ObjectReferenceControlIntegrationTests.HandleInvalidUserInput" executed="True" success="False" time="0.000" asserts="0">
            <failure>
              <message><![CDATA[TestFixtureSetUp failed in SetUp]]></message>
              <stack-trace />
            </failure>
          </test-case>
          <test-case name="Kistl.GUI.Integration.WPF.ObjectReferenceControlIntegrationTests.HandleNoUserInput" executed="True" success="False" time="0.000" asserts="0">
            <failure>
              <message><![CDATA[TestFixtureSetUp failed in SetUp]]></message>
              <stack-trace />
            </failure>
          </test-case>
          <test-case name="Kistl.GUI.Integration.WPF.ObjectReferenceControlIntegrationTests.HandleNullUserInput" executed="True" success="False" time="0.000" asserts="0">
            <failure>
              <message><![CDATA[TestFixtureSetUp failed in SetUp]]></message>
              <stack-trace />
            </failure>
          </test-case>
          <test-case name="Kistl.GUI.Integration.WPF.ObjectReferenceControlIntegrationTests.HandleProgrammaticChange" executed="True" success="False" time="0.000" asserts="0">
            <failure>
              <message><![CDATA[TestFixtureSetUp failed in SetUp]]></message>
              <stack-trace />
            </failure>
          </test-case>
          <test-case name="Kistl.GUI.Integration.WPF.ObjectReferenceControlIntegrationTests.HandleValidUserInput" executed="True" success="False" time="0.000" asserts="0">
            <failure>
              <message><![CDATA[TestFixtureSetUp failed in SetUp]]></message>
              <stack-trace />
            </failure>
          </test-case>
          <test-case name="Kistl.GUI.Integration.WPF.ObjectReferenceControlIntegrationTests.ReInit" executed="True" success="False" time="0.000" asserts="0">
            <failure>
              <message><![CDATA[TestFixtureSetUp failed in SetUp]]></message>
              <stack-trace />
            </failure>
          </test-case>
          <test-case name="Kistl.GUI.Integration.WPF.ObjectReferenceControlIntegrationTests.TestPresenterSetUpCorrect" executed="True" success="False" time="0.000" asserts="0">
            <failure>
              <message><![CDATA[TestFixtureSetUp failed in SetUp]]></message>
              <stack-trace />
            </failure>
          </test-case>
          <test-suite name="Kistl.GUI.Integration.WPF.ObjectReferenceControlIntegrationTests" success="False" time="0.000" asserts="0">
            <results />
          </test-suite>
          <test-suite name="Kistl.GUI.Integration.WPF" success="False" time="0.000" asserts="0">
            <results />
          </test-suite>
          <test-suite name="Kistl.GUI.Integration" success="False" time="0.000" asserts="0">
            <results />
          </test-suite>
          <test-case name="Kistl.GUI.Renderer.WPF.Tests.BoolControlTests.TestDescription" executed="True" success="False" time="0.000" asserts="0">
            <failure>
              <message><![CDATA[TestFixtureSetUp failed in SetUp]]></message>
              <stack-trace />
            </failure>
          </test-case>
          <test-case name="Kistl.GUI.Renderer.WPF.Tests.BoolControlTests.TestFieldSize" executed="True" success="False" time="0.000" asserts="0">
            <failure>
              <message><![CDATA[TestFixtureSetUp failed in SetUp]]></message>
              <stack-trace />
            </failure>
          </test-case>
          <test-case name="Kistl.GUI.Renderer.WPF.Tests.BoolControlTests.TestIsValidValue" executed="True" success="False" time="0.000" asserts="0">
            <failure>
              <message><![CDATA[TestFixtureSetUp failed in SetUp]]></message>
              <stack-trace />
            </failure>
          </test-case>
          <test-case name="Kistl.GUI.Renderer.WPF.Tests.BoolControlTests.TestSetUpCorrect" executed="True" success="False" time="0.000" asserts="0">
            <failure>
              <message><![CDATA[TestFixtureSetUp failed in SetUp]]></message>
              <stack-trace />
            </failure>
          </test-case>
          <test-case name="Kistl.GUI.Renderer.WPF.Tests.BoolControlTests.TestShortLabel" executed="True" success="False" time="0.000" asserts="0">
            <failure>
              <message><![CDATA[TestFixtureSetUp failed in SetUp]]></message>
              <stack-trace />
            </failure>
          </test-case>
          <test-case name="Kistl.GUI.Renderer.WPF.Tests.BoolControlTests.TestUserInput" executed="True" success="False" time="0.000" asserts="0">
            <failure>
              <message><![CDATA[TestFixtureSetUp failed in SetUp]]></message>
              <stack-trace />
            </failure>
          </test-case>
          <test-case name="Kistl.GUI.Renderer.WPF.Tests.BoolControlTests.TestValueProgrammatically" executed="True" success="False" time="0.000" asserts="0">
            <failure>
              <message><![CDATA[TestFixtureSetUp failed in SetUp]]></message>
              <stack-trace />
            </failure>
          </test-case>
          <test-suite name="Kistl.GUI.Renderer.WPF.Tests.BoolControlTests" success="False" time="0.000" asserts="0">
            <results />
          </test-suite>
          <test-case name="Kistl.GUI.Renderer.WPF.Tests.DateTimeControlTests.TestDescription" executed="True" success="False" time="0.000" asserts="0">
[...]
            <results />
          </test-suite>
          <test-case name="Kistl.GUI.Tests.DoublePresenterTests.HandleInvalidUserInput" executed="True" success="False" time="0.000" asserts="0">
            <failure>
              <message><![CDATA[TestFixtureSetUp failed in SetUp]]></message>
              <stack-trace />
            </failure>
          </test-case>
          <test-case name="Kistl.GUI.Tests.DoublePresenterTests.HandleNoUserInput" executed="True" success="False" time="0.000" asserts="0">
            <failure>
              <message><![CDATA[TestFixtureSetUp failed in SetUp]]></message>
              <stack-trace />
            </failure>
          </test-case>
          <test-case name="Kistl.GUI.Tests.DoublePresenterTests.HandleNullUserInput" executed="True" success="False" time="0.000" asserts="0">
            <failure>
              <message><![CDATA[TestFixtureSetUp failed in SetUp]]></message>
              <stack-trace />
            </failure>
          </test-case>
          <test-case name="Kistl.GUI.Tests.DoublePresenterTests.HandleProgrammaticChange" executed="True" success="False" time="0.000" asserts="0">
            <failure>
              <message><![CDATA[TestFixtureSetUp failed in SetUp]]></message>
              <stack-trace />
            </failure>
          </test-case>
          <test-case name="Kistl.GUI.Tests.DoublePresenterTests.HandleValidUserInput" executed="True" success="False" time="0.000" asserts="0">
            <failure>
              <message><![CDATA[TestFixtureSetUp failed in SetUp]]></message>
              <stack-trace />
            </failure>
          </test-case>
          <test-case name="Kistl.GUI.Tests.DoublePresenterTests.ReInit" executed="True" success="False" time="0.000" asserts="0">
            <failure>
              <message><![CDATA[TestFixtureSetUp failed in SetUp]]></message>
              <stack-trace />
            </failure>
          </test-case>
          <test-case name="Kistl.GUI.Tests.DoublePresenterTests.TestPresenterSetUpCorrect" executed="True" success="False" time="0.000" asserts="0">
            <failure>
              <message><![CDATA[TestFixtureSetUp failed in SetUp]]></message>
              <stack-trace />
            </failure>
          </test-case>
          <test-suite name="Kistl.GUI.Tests.DoublePresenterTests" success="False" time="0.000" asserts="0">
            <results />
          </test-suite>
          <test-case name="Kistl.GUI.Tests.GuiDbTests.CreatePresenterFailNoInfo" executed="True" success="False" time="0.000" asserts="0">
            <failure>
              <message><![CDATA[TestFixtureSetUp failed in SetUp]]></message>
              <stack-trace />
            </failure>
          </test-case>
          <test-case name="Kistl.GUI.Tests.GuiDbTests.CreatePresenterFailNoObject" executed="True" success="False" time="0.000" asserts="0">
            <failure>
              <message><![CDATA[TestFixtureSetUp failed in SetUp]]></message>
              <stack-trace />
            </failure>
          </test-case>
          <test-case name="Kistl.GUI.Tests.GuiDbTests.CreatePresenterFailNoVisual" executed="True" success="False" time="0.000" asserts="0">
            <failure>
              <message><![CDATA[TestFixtureSetUp failed in SetUp]]></message>
              <stack-trace />
            </failure>
          </test-case>
          <test-case name="Kistl.GUI.Tests.GuiDbTests.CreatePresenterFailNoWidget" executed="True" success="False" time="0.000" asserts="0">
            <failure>
              <message><![CDATA[TestFixtureSetUp failed in SetUp]]></message>
              <stack-trace />
            </failure>
          </test-case>
          <test-case name="Kistl.GUI.Tests.GuiDbTests.FindControlFailNoVisualType" executed="True" success="False" time="0.000" asserts="0">
            <failure>
              <message><![CDATA[TestFixtureSetUp failed in SetUp]]></message>
              <stack-trace />
            </failure>
          </test-case>
          <test-case name="Kistl.GUI.Tests.GuiDbTests.FindPresenterFailNoProperty" executed="True" success="False" time="0.000" asserts="0">
            <failure>
              <message><![CDATA[TestFixtureSetUp failed in SetUp]]></message>
              <stack-trace />
            </failure>
          </test-case>
          <test-case name="Kistl.GUI.Tests.GuiDbTests.FindPresenterFailNoVisual" executed="True" success="False" time="0.000" asserts="0">
            <failure>
              <message><![CDATA[TestFixtureSetUp failed in SetUp]]></message>
              <stack-trace />
            </failure>
          </test-case>
          <test-case name="Kistl.GUI.Tests.GuiDbTests.ReInit" executed="True" success="False" time="0.000" asserts="0">
            <failure>
              <message><![CDATA[TestFixtureSetUp failed in SetUp]]></message>
              <stack-trace />
            </failure>
          </test-case>
          <test-case name="Kistl.GUI.Tests.GuiDbTests.TestCreateRenderer" executed="True" success="False" time="0.000" asserts="0">
            <failure>
              <message><![CDATA[TestFixtureSetUp failed in SetUp]]></message>
              <stack-trace />
            </failure>
          </test-case>
          <test-case name="Kistl.GUI.Tests.GuiDbTests.TestFindControlByVisual" executed="True" success="False" time="0.000" asserts="0">
            <failure>
              <message><![CDATA[TestFixtureSetUp failed in SetUp]]></message>
              <stack-trace />
            </failure>
          </test-case>
          <test-case name="Kistl.GUI.Tests.GuiDbTests.TestFindPresenter" executed="True" success="False" time="0.000" asserts="0">
            <failure>
              <message><![CDATA[TestFixtureSetUp failed in SetUp]]></message>
              <stack-trace />
            </failure>
          </test-case>
          <test-case name="Kistl.GUI.Tests.GuiDbTests.TestPresenterSetUpCorrect" executed="True" success="False" time="0.000" asserts="0">
            <failure>
              <message><![CDATA[TestFixtureSetUp failed in SetUp]]></message>
              <stack-trace />
            </failure>
          </test-case>
          <test-suite name="Kistl.GUI.Tests.GuiDbTests" success="False" time="0.000" asserts="0">
            <results />
          </test-suite>
          <test-case name="Kistl.GUI.Tests.IntPresenterTests.HandleInvalidUserInput" executed="True" success="False" time="0.000" asserts="0">
            <failure>
              <message><![CDATA[TestFixtureSetUp failed in SetUp]]></message>
              <stack-trace />
            </failure>
          </test-case>
          <test-case name="Kistl.GUI.Tests.IntPresenterTests.HandleNoUserInput" executed="True" success="False" time="0.000" asserts="0">
            <failure>
              <message><![CDATA[TestFixtureSetUp failed in SetUp]]></message>
              <stack-trace />
            </failure>
          </test-case>
          <test-case name="Kistl.GUI.Tests.IntPresenterTests.HandleNullUserInput" executed="True" success="False" time="0.000" asserts="0">
            <failure>
              <message><![CDATA[TestFixtureSetUp failed in SetUp]]></message>
              <stack-trace />
            </failure>
          </test-case>
          <test-case name="Kistl.GUI.Tests.IntPresenterTests.HandleProgrammaticChange" executed="True" success="False" time="0.000" asserts="0">
            <failure>
              <message><![CDATA[TestFixtureSetUp failed in SetUp]]></message>
              <stack-trace />
            </failure>
          </test-case>
          <test-case name="Kistl.GUI.Tests.IntPresenterTests.HandleValidUserInput" executed="True" success="False" time="0.000" asserts="0">
            <failure>
              <message><![CDATA[TestFixtureSetUp failed in SetUp]]></message>
              <stack-trace />
            </failure>
          </test-case>
          <test-case name="Kistl.GUI.Tests.IntPresenterTests.ReInit" executed="True" success="False" time="0.000" asserts="0">
            <failure>
              <message><![CDATA[TestFixtureSetUp failed in SetUp]]></message>
              <stack-trace />
            </failure>
          </test-case>
          <test-case name="Kistl.GUI.Tests.IntPresenterTests.TestPresenterSetUpCorrect" executed="True" success="False" time="0.000" asserts="0">
            <failure>
              <message><![CDATA[TestFixtureSetUp failed in SetUp]]></message>
              <stack-trace />
            </failure>
          </test-case>
          <test-suite name="Kistl.GUI.Tests.IntPresenterTests" success="False" time="0.000" asserts="0">
            <results />
          </test-suite>
          <test-case name="Kistl.GUI.Tests.ObjectListPresenterTests.HandleInvalidUserInput" executed="True" success="False" time="0.000" asserts="0">
            <failure>
              <message><![CDATA[TestFixtureSetUp failed in SetUp]]></message>
              <stack-trace />
            </failure>
          </test-case>
          <test-case name="Kistl.GUI.Tests.ObjectListPresenterTests.HandleNoUserInput" executed="True" success="False" time="0.000" asserts="0">
            <failure>
              <message><![CDATA[TestFixtureSetUp failed in SetUp]]></message>
              <stack-trace />
            </failure>
          </test-case>
          <test-case name="Kistl.GUI.Tests.ObjectListPresenterTests.HandleNullUserInput" executed="True" success="False" time="0.000" asserts="0">
            <failure>
              <message><![CDATA[TestFixtureSetUp failed in SetUp]]></message>
              <stack-trace />
            </failure>
          </test-case>
          <test-case name="Kistl.GUI.Tests.ObjectListPresenterTests.HandleProgrammaticChange" executed="True" success="False" time="0.000" asserts="0">
            <failure>
              <message><![CDATA[TestFixtureSetUp failed in SetUp]]></message>
              <stack-trace />
            </failure>
          </test-case>
          <test-case name="Kistl.GUI.Tests.ObjectListPresenterTests.HandleValidUserInput" executed="True" success="False" time="0.000" asserts="0">
            <failure>
              <message><![CDATA[TestFixtureSetUp failed in SetUp]]></message>
              <stack-trace />
            </failure>
          </test-case>
          <test-case name="Kistl.GUI.Tests.ObjectListPresenterTests.ReInit" executed="True" success="False" time="0.000" asserts="0">
            <failure>
              <message><![CDATA[TestFixtureSetUp failed in SetUp]]></message>
              <stack-trace />
            </failure>
          </test-case>
          <test-case name="Kistl.GUI.Tests.ObjectListPresenterTests.TestPresenterSetUpCorrect" executed="True" success="False" time="0.000" asserts="0">
            <failure>
              <message><![CDATA[TestFixtureSetUp failed in SetUp]]></message>
              <stack-trace />
            </failure>
          </test-case>
          <test-suite name="Kistl.GUI.Tests.ObjectListPresenterTests" success="False" time="0.000" asserts="0">
            <results />
          </test-suite>
          <test-case name="Kistl.GUI.Tests.ObjectReferencePresenterTests.HandleInvalidUserInput" executed="True" success="False" time="0.000" asserts="0">
            <failure>
              <message><![CDATA[TestFixtureSetUp failed in SetUp]]></message>
              <stack-trace />
            </failure>
          </test-case>
          <test-case name="Kistl.GUI.Tests.ObjectReferencePresenterTests.HandleNoUserInput" executed="True" success="False" time="0.000" asserts="0">
            <failure>
              <message><![CDATA[TestFixtureSetUp failed in SetUp]]></message>
              <stack-trace />
            </failure>
          </test-case>
          <test-case name="Kistl.GUI.Tests.ObjectReferencePresenterTests.HandleNullUserInput" executed="True" success="False" time="0.000" asserts="0">
            <failure>
              <message><![CDATA[TestFixtureSetUp failed in SetUp]]></message>
              <stack-trace />
            </failure>
          </test-case>
          <test-case name="Kistl.GUI.Tests.ObjectReferencePresenterTests.HandleProgrammaticChange" executed="True" success="False" time="0.000" asserts="0">
            <failure>
              <message><![CDATA[TestFixtureSetUp failed in SetUp]]></message>
              <stack-trace />
            </failure>
          </test-case>
          <test-case name="Kistl.GUI.Tests.ObjectReferencePresenterTests.HandleValidUserInput" executed="True" success="False" time="0.000" asserts="0">
            <failure>
              <message><![CDATA[TestFixtureSetUp failed in SetUp]]></message>
              <stack-trace />
            </failure>
          </test-case>
          <test-case name="Kistl.GUI.Tests.ObjectReferencePresenterTests.ReInit" executed="True" success="False" time="0.000" asserts="0">
            <failure>
              <message><![CDATA[TestFixtureSetUp failed in SetUp]]></message>
              <stack-trace />
            </failure>
          </test-case>
          <test-case name="Kistl.GUI.Tests.ObjectReferencePresenterTests.TestPresenterSetUpCorrect" executed="True" success="False" time="0.000" asserts="0">
            <failure>
              <message><![CDATA[TestFixtureSetUp failed in SetUp]]></message>
              <stack-trace />
            </failure>
          </test-case>
          <test-suite name="Kistl.GUI.Tests.ObjectReferencePresenterTests" success="False" time="0.000" asserts="0">
            <results />
          </test-suite>
          <test-case name="Kistl.GUI.Tests.RendererTests.TestCreateControl" executed="True" success="False" time="0.000" asserts="0">
            <failure>
              <message><![CDATA[TestFixtureSetUp failed in SetUp]]></message>
              <stack-trace />
            </failure>
          </test-case>
          <test-case name="Kistl.GUI.Tests.RendererTests.TestCreateObjectControl" executed="True" success="False" time="0.000" asserts="0">
            <failure>
              <message><![CDATA[TestFixtureSetUp failed in SetUp]]></message>
              <stack-trace />
            </failure>
          </test-case>
          <test-suite name="Kistl.GUI.Tests.RendererTests" success="False" time="0.000" asserts="0">
            <results />
          </test-suite>
          <test-case name="Kistl.GUI.Tests.StringPresenterTests.HandleInvalidUserInput" executed="True" success="False" time="0.000" asserts="0">
            <failure>
              <message><![CDATA[TestFixtureSetUp failed in SetUp]]></message>
              <stack-trace />
            </failure>
          </test-case>
          <test-case name="Kistl.GUI.Tests.StringPresenterTests.HandleNoUserInput" executed="True" success="False" time="0.000" asserts="0">
            <failure>
              <message><![CDATA[TestFixtureSetUp failed in SetUp]]></message>
              <stack-trace />
            </failure>
          </test-case>
          <test-case name="Kistl.GUI.Tests.StringPresenterTests.HandleNullUserInput" executed="True" success="False" time="0.000" asserts="0">
            <failure>
              <message><![CDATA[TestFixtureSetUp failed in SetUp]]></message>
              <stack-trace />
            </failure>
          </test-case>
          <test-case name="Kistl.GUI.Tests.StringPresenterTests.HandleProgrammaticChange" executed="True" success="False" time="0.000" asserts="0">
            <failure>
              <message><![CDATA[TestFixtureSetUp failed in SetUp]]></message>
              <stack-trace />
            </failure>
          </test-case>
          <test-case name="Kistl.GUI.Tests.StringPresenterTests.HandleValidUserInput" executed="True" success="False" time="0.000" asserts="0">
            <failure>
              <message><![CDATA[TestFixtureSetUp failed in SetUp]]></message>
              <stack-trace />
            </failure>
          </test-case>
          <test-case name="Kistl.GUI.Tests.StringPresenterTests.ReInit" executed="True" success="False" time="0.000" asserts="0">
            <failure>
              <message><![CDATA[TestFixtureSetUp failed in SetUp]]></message>
              <stack-trace />
            </failure>
          </test-case>
          <test-case name="Kistl.GUI.Tests.StringPresenterTests.TestPresenterSetUpCorrect" executed="True" success="False" time="0.000" asserts="0">
            <failure>
              <message><![CDATA[TestFixtureSetUp failed in SetUp]]></message>
              <stack-trace />
            </failure>
          </test-case>
          <test-suite name="Kistl.GUI.Tests.StringPresenterTests" success="False" time="0.000" asserts="0">
            <results />
          </test-suite>
          <test-case name="Kistl.GUI.Tests.TemplateTests.TestDefaultsOther" executed="True" success="False" time="0.000" asserts="0">
            <failure>
              <message><![CDATA[TestFixtureSetUp failed in SetUp]]></message>
              <stack-trace />
            </failure>
          </test-case>
          <test-case name="Kistl.GUI.Tests.TemplateTests.TestDefaultUnknownObjectType" executed="True" success="False" time="0.000" asserts="0">
            <failure>
              <message><![CDATA[TestFixtureSetUp failed in SetUp]]></message>
              <stack-trace />
            </failure>
          </test-case>
          <test-case name="Kistl.GUI.Tests.TemplateTests.TestProperties" executed="True" success="False" time="0.000" asserts="0">
            <failure>
              <message><![CDATA[TestFixtureSetUp failed in SetUp]]></message>
              <stack-trace />
            </failure>
          </test-case>
          <test-suite name="Kistl.GUI.Tests.TemplateTests" success="False" time="0.000" asserts="0">
            <results />
          </test-suite>
          <test-case name="Kistl.GUI.Tests.VisualTests.TestDefaults" executed="True" success="False" time="0.000" asserts="0">
            <failure>
              <message><![CDATA[TestFixtureSetUp failed in SetUp]]></message>
              <stack-trace />
            </failure>
          </test-case>
          <test-case name="Kistl.GUI.Tests.VisualTests.TestEnumeration" executed="True" success="False" time="0.000" asserts="0">
            <failure>
              <message><![CDATA[TestFixtureSetUp failed in SetUp]]></message>
              <stack-trace />
            </failure>
          </test-case>
          <test-case name="Kistl.GUI.Tests.VisualTests.TestFailure" executed="True" success="False" time="0.000" asserts="0">
            <failure>
              <message><![CDATA[TestFixtureSetUp failed in SetUp]]></message>
              <stack-trace />
            </failure>
          </test-case>
          <test-case name="Kistl.GUI.Tests.VisualTests.TestProperties" executed="True" success="False" time="0.000" asserts="0">
            <failure>
              <message><![CDATA[TestFixtureSetUp failed in SetUp]]></message>
              <stack-trace />
            </failure>
          </test-case>
          <test-case name="Kistl.GUI.Tests.VisualTests.TestValueType" executed="True" success="False" time="0.000" asserts="0">
            <failure>
              <message><![CDATA[TestFixtureSetUp failed in SetUp]]></message>
              <stack-trace />
            </failure>
          </test-case>
          <test-suite name="Kistl.GUI.Tests.VisualTests" success="False" time="0.000" asserts="0">
            <results />
          </test-suite>
          <test-suite name="Kistl.GUI.Tests" success="False" time="0.000" asserts="0">
            <results />
          </test-suite>
          <test-suite name="Kistl.GUI" success="False" time="0.000" asserts="0">
            <results />
          </test-suite>
          <test-suite name="Kistl" success="False" time="0.000" asserts="0">
            <results />
          </test-suite>
        </results>
      </test-suite>
    </results>
  </test-suite>
</test-results>